number,value,datetime_start,datetime_complete,duration,params_colsample_bytree,params_gamma,params_grow_policy,params_learning_rate,params_max_depth,params_min_child_weight,params_n_estimators,params_reg_alpha,params_reg_lambda,params_subsample,params_tree_method,state
162,0.6117240612742881,2026-04-16 13:54:21.221960,2026-04-16 13:54:22.272856,0 days 00:00:01.050896,0.7257628683406258,5.4152231707472875,depthwise,0.015264736161017794,1,2.6568393457153783,275,0.006959329559107742,0.003623427964714667,0.8186737795060649,hist,COMPLETE
163,0.6165578520376669,2026-04-16 13:54:22.273003,2026-04-16 13:54:22.831922,0 days 00:00:00.558919,0.7336761752426364,5.750124259068454,depthwise,0.01595636276673505,1,2.526561342228295,125,0.004236793918579047,0.0020433031004744922,0.7923094629762674,hist,COMPLETE
164,0.6072377579480452,2026-04-16 13:54:22.832066,2026-04-16 13:54:23.142596,0 days 00:00:00.310530,0.7161652308102268,5.590248798539671,depthwise,0.02054577378478541,1,2.3108807295585176,50,0.005662598418822724,0.0023388938687548097,0.7940714113293026,hist,COMPLETE
165,0.6037253060393987,2026-04-16 13:54:23.142715,2026-04-16 13:54:24.374789,0 days 00:00:01.232074,0.8253606946249394,5.454845550244476,depthwise,0.01958952774245682,1,2.2215968067826584,300,0.008893178801617215,0.007075112475346681,0.8853703519234088,hist,COMPLETE
166,0.6135153890816121,2026-04-16 13:54:24.374932,2026-04-16 13:54:25.101948,0 days 00:00:00.727016,0.7315295121293109,5.9343941606549615,depthwise,0.014462915825284178,1,2.4145064460310364,175,0.004431151522734744,0.0028522359211182896,0.7692535366432575,hist,COMPLETE
167,0.5970501558104343,2026-04-16 13:54:25.102085,2026-04-16 13:54:25.652287,0 days 00:00:00.550202,0.7288806148283451,5.535257240419472,depthwise,0.012800719319163214,2,2.5671434357751877,75,0.01742659772159154,0.00437898523011361,0.7824328259176756,hist,COMPLETE
168,0.6195333759501745,2026-04-16 13:54:25.652438,2026-04-16 13:54:26.552124,0 days 00:00:00.899686,0.7227393291240718,5.653176472114129,depthwise,0.017418106260582624,1,2.3437011589624066,225,0.0064499968904572725,0.006030703177976141,0.8680374834803671,hist,COMPLETE
169,0.6120646636779674,2026-04-16 13:54:26.552264,2026-04-16 13:54:27.194232,0 days 00:00:00.641968,0.7356295856190905,5.380828261501588,depthwise,0.01887702834267662,1,2.713786744650153,150,0.003034544348903455,0.001954229505916174,0.8023358871266096,hist,COMPLETE
170,0.5941662242566009,2026-04-16 13:54:27.194376,2026-04-16 13:54:28.811512,0 days 00:00:01.617136,0.7191932547357872,5.795987660642345,depthwise,0.016169789031076135,2,2.140512616115935,350,0.008729261857787555,0.007712421412721885,0.8813644852169888,hist,COMPLETE
171,0.5966126896405781,2026-04-16 13:54:28.811660,2026-04-16 13:54:29.122877,0 days 00:00:00.311217,0.7297572408548423,5.75844378579629,depthwise,0.016663128847828633,1,2.463291735019952,50,0.007535127459119947,0.005240276442489,0.7577828033250672,hist,COMPLETE
172,0.620196743045034,2026-04-16 13:54:29.122994,2026-04-16 13:54:29.517806,0 days 00:00:00.394812,0.726970240384737,5.703787010097121,depthwise,0.015133260353009775,1,2.4824018557391403,75,0.010949540902078387,0.0047029628507170365,0.8103159440741594,hist,COMPLETE
173,0.6138219022436566,2026-04-16 13:54:29.517935,2026-04-16 13:54:30.085724,0 days 00:00:00.567789,0.7395054597840877,5.573872071779403,depthwise,0.016876106513386238,1,2.617359990223592,125,0.007699394083370986,0.003445096484623996,0.8705720339060752,hist,COMPLETE
174,0.6151087217151276,2026-04-16 13:54:30.085868,2026-04-16 13:54:30.400203,0 days 00:00:00.314335,0.7336218178554708,5.506557130425503,depthwise,0.013733261066619913,1,2.285424753472985,50,0.005505894906449998,0.005311394828581708,0.8737014365140262,hist,COMPLETE
175,0.6251634714876066,2026-04-16 13:54:30.400324,2026-04-16 13:54:31.462757,0 days 00:00:01.062433,0.7155204574002869,5.288121349030456,depthwise,0.017687393272741422,1,2.395277786565974,275,0.014963619458354034,0.006781465727950892,0.8740243085588255,hist,COMPLETE
176,0.6006257056581796,2026-04-16 13:54:31.462896,2026-04-16 13:54:36.131534,0 days 00:00:04.668638,0.7150447367345673,5.262851593845807,depthwise,0.017967766040216306,1,2.3875606832014293,1400,0.015452022839290412,0.009156395421209777,0.8877375095606761,hist,COMPLETE
177,0.6217130452585021,2026-04-16 13:54:36.131703,2026-04-16 13:54:37.209110,0 days 00:00:01.077407,0.7228976116092037,5.328901017697697,depthwise,0.014644193458146928,1,2.233142935324108,275,0.012072114817502913,0.006738076237777386,0.8773338921946218,hist,COMPLETE
178,0.6260027326176422,2026-04-16 13:54:37.209279,2026-04-16 13:54:38.457065,0 days 00:00:01.247786,0.8313113733632097,5.345910772281598,depthwise,0.01269685867937869,1,2.061921901055492,300,0.020484005321623998,0.006749269995924979,0.877176712878526,hist,COMPLETE
179,0.6252745620418027,2026-04-16 13:54:38.457227,2026-04-16 13:54:39.624944,0 days 00:00:01.167717,0.7118106861571765,5.35098343885148,depthwise,0.012713006630533643,1,1.8700079940285275,300,0.02111992613284832,0.008001241423532798,0.879606619046945,hist,COMPLETE
180,0.6132805530472554,2026-04-16 13:54:39.625086,2026-04-16 13:54:41.337585,0 days 00:00:01.712499,0.8405269924178713,5.193916876421211,depthwise,0.013075611733475998,1,1.9186382671024287,425,0.020013561695634764,0.010826827761146523,0.8858473216209923,hist,COMPLETE
181,0.626552817857252,2026-04-16 13:54:41.337747,2026-04-16 13:54:42.659477,0 days 00:00:01.321730,0.702970471140108,5.312207118540894,depthwise,0.012384087435813733,1,2.0392948583285504,350,0.029910611413102504,0.007875509000321293,0.8781804203702374,hist,COMPLETE
182,0.6201125468082471,2026-04-16 13:54:42.659649,2026-04-16 13:54:43.990043,0 days 00:00:01.330394,0.812695073567652,5.3065240434048,depthwise,0.012732088792647322,1,2.0651455729899175,325,0.03008064132517197,0.008503392694789603,0.8813310332830279,hist,COMPLETE
183,0.6231355058834496,2026-04-16 13:54:43.990205,2026-04-16 13:54:45.426101,0 days 00:00:01.435896,0.8319002081416523,5.3659637733944585,depthwise,0.011283724685996433,1,1.8896284305667055,350,0.026713376149753144,0.008009594667890559,0.8773094427648154,hist,COMPLETE
184,0.619295191775436,2026-04-16 13:54:45.426269,2026-04-16 13:54:47.015300,0 days 00:00:01.589031,0.8032279431714549,5.116674365420446,depthwise,0.011346649792753216,1,1.7519639017551831,400,0.02448237876743619,0.005737643195146537,0.8747632633878927,hist,COMPLETE
185,0.6237626409537753,2026-04-16 13:54:47.015462,2026-04-16 13:54:48.348099,0 days 00:00:01.332637,0.7021886081371337,5.332559132059289,depthwise,0.012163252619848644,1,1.8779853153015327,350,0.04431124492725851,0.009776785915375329,0.8775951354004804,hist,COMPLETE
186,0.6190073137442875,2026-04-16 13:54:48.348260,2026-04-16 13:54:50.237403,0 days 00:00:01.889143,0.8295587565538403,5.370222536508221,depthwise,0.011746270958249589,1,1.800766548934108,475,0.03332907544101044,0.010095302035103395,0.8789110147619715,hist,COMPLETE
187,0.6215109666547816,2026-04-16 13:54:50.237566,2026-04-16 13:54:51.565804,0 days 00:00:01.328238,0.7033237329914792,5.235605189547062,depthwise,0.010957338167928692,1,2.015037612155185,350,0.04357853963050271,0.011704704844041297,0.8841134809665284,hist,COMPLETE
188,0.6110842101335753,2026-04-16 13:54:51.565964,2026-04-16 13:54:53.056524,0 days 00:00:01.490560,0.782859469436563,5.330237971926834,depthwise,0.011895547561306747,1,1.8646718560918545,375,0.043105235997702177,0.0076846698989962514,0.8783687455255119,hist,COMPLETE
189,0.6084456076601199,2026-04-16 13:54:53.056703,2026-04-16 13:54:54.550977,0 days 00:00:01.494274,0.700573236477638,5.158204990277674,depthwise,0.012651031322006593,1,1.835715573091637,400,0.028029312908574383,0.008998665221347082,0.8884593573431214,hist,COMPLETE
190,0.6169864829488498,2026-04-16 13:54:54.551142,2026-04-16 13:54:55.727050,0 days 00:00:01.175908,0.7062039806768469,5.413774897164536,depthwise,0.012490429478448596,1,1.8996609858066271,300,0.05945114969184823,0.006284125785834727,0.8758659692869657,hist,COMPLETE
191,0.619538803047771,2026-04-16 13:54:55.727204,2026-04-16 13:54:56.964145,0 days 00:00:01.236941,0.7055409852503995,5.223125261870046,depthwise,0.010953270800176567,1,2.109377926230593,325,0.02214670832820903,0.004687115507482218,0.8700445030927018,hist,COMPLETE
192,0.6252379403860312,2026-04-16 13:54:56.964307,2026-04-16 13:54:58.222493,0 days 00:00:01.258186,0.818215891453451,5.27788719036885,depthwise,0.01072072032315118,1,1.6551911249957372,300,0.0385333919525635,0.007293883843934569,0.8731154261371575,hist,COMPLETE
193,0.6213531998415374,2026-04-16 13:54:58.222649,2026-04-16 13:54:59.663242,0 days 00:00:01.440593,0.8203874084659918,5.293732689354896,depthwise,0.010821825641936003,1,1.623352797022712,350,0.035898647156439104,0.007141638403509009,0.8809385374210039,hist,COMPLETE
194,0.6170355693100629,2026-04-16 13:54:59.663404,2026-04-16 13:55:00.680731,0 days 00:00:01.017327,0.8780368434656214,5.068136127598986,depthwise,0.010589231081089204,1,1.9221676205684535,225,0.049663481482286054,0.009600405236101657,0.8658030163146455,hist,COMPLETE
195,0.6211730423426071,2026-04-16 13:55:00.680883,2026-04-16 13:55:01.951348,0 days 00:00:01.270465,0.8423180927527651,5.28382790359787,depthwise,0.013479622514251355,1,1.6890379034033949,300,0.022076976962809625,0.008137367407983749,0.8855611997302546,hist,COMPLETE
196,0.6148468311166677,2026-04-16 13:55:01.951499,2026-04-16 13:55:02.824239,0 days 00:00:00.872740,0.8112726729373131,5.404696691723739,depthwise,0.011796332173327153,1,2.037204178749684,200,0.018145375017527266,0.01245010084861313,0.8715448211639156,hist,COMPLETE
197,0.6161793354874467,2026-04-16 13:55:02.824385,2026-04-16 13:55:04.618931,0 days 00:00:01.794546,0.8341205498770136,5.328298490638243,depthwise,0.010205324606349025,1,1.7979811381017223,450,0.027773040787805604,0.0060184482090623265,0.8765458611054997,hist,COMPLETE
198,0.5649215471692917,2026-04-16 13:55:04.619085,2026-04-16 13:55:06.619982,0 days 00:00:02.000897,0.8282972992634587,5.154197961330892,depthwise,0.012438309011428639,2,1.9546294986123802,375,0.0678532644749687,1.1163386295588404,0.8814180477247026,hist,COMPLETE
199,0.6151314172220083,2026-04-16 13:55:06.620144,2026-04-16 13:55:07.866221,0 days 00:00:01.246077,0.8360182904329226,5.231947169544765,depthwise,0.01154072267741552,1,2.111955746808182,300,0.037332883815893135,0.007109275209485223,0.8336358282590655,hist,COMPLETE
