number,value,datetime_start,datetime_complete,duration,params_colsample_bytree,params_gamma,params_grow_policy,params_learning_rate,params_max_depth,params_min_child_weight,params_n_estimators,params_reg_alpha,params_reg_lambda,params_subsample,params_tree_method,state
0,0.7270946521382734,2026-04-16 13:55:10.667865,2026-04-16 13:55:11.235680,0 days 00:00:00.567815,0.8202230023486418,3.4680559213273097,depthwise,0.030710573677773714,8,3.3946339367881464,1925,0.003486678167045121,0.001592075878523403,0.8732352291549871,hist,COMPLETE
1,0.7021644099501744,2026-04-16 13:55:11.235836,2026-04-16 13:55:11.285631,0 days 00:00:00.049795,0.8049512863264475,3.6370173320348282,depthwise,0.08341106432362087,10,4.329770563201687,75,0.004287730278993503,0.004342298948286134,0.7608484485919075,hist,COMPLETE
2,0.7196697040310583,2026-04-16 13:55:11.285743,2026-04-16 13:55:11.506961,0 days 00:00:00.221218,0.739934756431672,3.8764339456056547,depthwise,0.03647316284911211,7,1.5579754426081673,625,0.018788173075973934,0.038531031522629815,0.8570351922786027,hist,COMPLETE
3,0.7215311480804149,2026-04-16 13:55:11.507079,2026-04-16 13:55:11.863919,0 days 00:00:00.356840,0.8616794696232922,3.5115723710618747,depthwise,0.04666963767236924,1,3.4301794076057535,1200,0.0016834192018216926,1.9924621034349888,0.8931264066149118,hist,COMPLETE
4,0.724598845521849,2026-04-16 13:55:11.864060,2026-04-16 13:55:11.978072,0 days 00:00:00.114012,0.7517559963200033,3.3661147045343363,depthwise,0.0249064396938244,7,2.760609974958405,225,0.05269751777340593,0.0013169614353741135,0.8818640804157565,hist,COMPLETE
5,0.6456331509156328,2026-04-16 13:55:11.978220,2026-04-16 13:55:12.190436,0 days 00:00:00.212216,0.8789654700855298,3.554563366576581,depthwise,0.07277150634170934,6,3.1868411173731186,650,2.351599274057191,0.4957135786745317,0.8878997883128379,hist,COMPLETE
6,0.7727206150167267,2026-04-16 13:55:12.190574,2026-04-16 13:55:12.733374,0 days 00:00:00.542800,0.8657475018303858,3.1356818667316144,depthwise,0.059963338824126605,1,1.7839314496765808,1850,0.013527358752820948,0.022463533171675796,0.7542698063547791,hist,COMPLETE
7,0.6736908043772116,2026-04-16 13:55:12.733512,2026-04-16 13:55:12.939004,0 days 00:00:00.205492,0.7397431363068344,5.406590942262119,depthwise,0.02911701023242742,6,1.5636968998990506,600,0.0018164423870304742,2.701005964742302,0.8544489538593315,hist,COMPLETE
8,0.7144922147244182,2026-04-16 13:55:12.939118,2026-04-16 13:55:13.448605,0 days 00:00:00.509487,0.8726206851751187,5.313811040057837,depthwise,0.010166803740022877,8,3.9160286721639492,1650,0.001809098578331446,0.017637166053890756,0.7231738119050259,hist,COMPLETE
9,0.7371622934972524,2026-04-16 13:55:13.448758,2026-04-16 13:55:13.674274,0 days 00:00:00.225516,0.7944429850323899,3.975549966080241,depthwise,0.06470376604234768,1,2.243929286862649,700,0.34429375895065534,0.16476487558474692,0.8774425485152653,hist,COMPLETE
10,0.7104196687312754,2026-04-16 13:55:13.674413,2026-04-16 13:55:14.106225,0 days 00:00:00.431812,0.705083825348819,5.312901539863683,depthwise,0.014308552498147852,8,3.245108790277985,1450,0.052117930643778204,0.06570606085616121,0.7855082036717099,hist,COMPLETE
11,0.6614224913341221,2026-04-16 13:55:14.106362,2026-04-16 13:55:14.176613,0 days 00:00:00.070251,0.8511102277086098,4.525712073494108,depthwise,0.013815607382950859,7,2.2574239243053067,100,1.4312604696692754,0.007359008568679792,0.7820765846071259,hist,COMPLETE
12,0.6650053532814759,2026-04-16 13:55:14.176724,2026-04-16 13:55:14.276570,0 days 00:00:00.099846,0.8607344153798229,5.789092957027719,depthwise,0.01984601321734508,3,1.6448851490160177,200,0.6455539579314901,0.1593755382804405,0.8742921180375436,hist,COMPLETE
13,0.7284804588360453,2026-04-16 13:55:14.276674,2026-04-16 13:55:14.795306,0 days 00:00:00.518632,0.7854215577252512,5.688273899770479,depthwise,0.01748772208717285,6,4.229760620656251,1800,0.012756650052972775,0.0024135921568582417,0.7455870325083883,hist,COMPLETE
14,0.7562415099110329,2026-04-16 13:55:14.795461,2026-04-16 13:55:15.291405,0 days 00:00:00.495944,0.8885819407825039,4.252233009446337,depthwise,0.11594759566372474,1,3.042989210310263,1725,0.005919646713104134,0.002610877024242296,0.7675230342807255,hist,COMPLETE
15,0.6195156054957243,2026-04-16 13:55:15.291547,2026-04-16 13:55:15.609600,0 days 00:00:00.318053,0.760175661963354,5.915346248162882,depthwise,0.026332779906149555,8,2.454518409517176,1050,2.220986638288318,0.0075071928484025914,0.7994497011784771,hist,COMPLETE
16,0.6991410005370315,2026-04-16 13:55:15.609730,2026-04-16 13:55:15.679521,0 days 00:00:00.069791,0.7289789744182446,3.154436253749968,depthwise,0.023473941999051617,7,3.010716092915446,100,0.009308668046700127,1.439297652414246,0.7479123781333945,hist,COMPLETE
17,0.7245133975461837,2026-04-16 13:55:15.679632,2026-04-16 13:55:16.250457,0 days 00:00:00.570825,0.8264611661187159,5.284858845986153,depthwise,0.04333040243296187,3,3.688542189623514,1975,0.0067033910490160555,0.34048387095460036,0.7735566265438506,hist,COMPLETE
18,0.737881856246716,2026-04-16 13:55:16.250607,2026-04-16 13:55:16.567522,0 days 00:00:00.316915,0.8355128723684565,3.9623401949152077,depthwise,0.06671771392675703,1,4.341209982356952,1100,0.004451921284966376,0.0013860538750648385,0.8181785886376484,hist,COMPLETE
19,0.7017767221542177,2026-04-16 13:55:16.567660,2026-04-16 13:55:16.924670,0 days 00:00:00.357010,0.7275041888291987,3.523099287014974,depthwise,0.010509480845860123,3,3.5806911616377994,1050,0.2526238181940681,0.022116973245037603,0.8873459977473469,hist,COMPLETE
20,0.6896311856307468,2026-04-16 13:55:16.924805,2026-04-16 13:55:17.032172,0 days 00:00:00.107367,0.8059301156712013,3.773824883145467,depthwise,0.02778033977738005,10,4.509357413523924,250,0.19717168789214218,0.694353585014268,0.8110401623198924,hist,COMPLETE
21,0.6962118339530063,2026-04-16 13:55:17.032288,2026-04-16 13:55:17.133415,0 days 00:00:00.101127,0.8794220519905154,4.899304371819804,depthwise,0.02063749993873244,9,4.601672228653322,225,0.01509550660214643,0.01637736522794278,0.8451911357740479,hist,COMPLETE
22,0.7329188730608741,2026-04-16 13:55:17.133522,2026-04-16 13:55:17.601760,0 days 00:00:00.468238,0.7202943085732064,3.484886142283841,depthwise,0.14260214124298468,7,1.3365598599801953,1575,1.3316247774430428,0.12841843495156466,0.7018394103233259,hist,COMPLETE
23,0.7046617119657129,2026-04-16 13:55:17.601905,2026-04-16 13:55:17.641762,0 days 00:00:00.039857,0.74744981749936,5.07568559307808,depthwise,0.0729853514738843,2,3.1949351574663445,50,0.18490487126445668,0.006022982241950051,0.8424358442695072,hist,COMPLETE
24,0.7247786812944945,2026-04-16 13:55:17.641869,2026-04-16 13:55:18.073763,0 days 00:00:00.431894,0.7530404735363451,4.972838676901031,depthwise,0.026506645379019665,7,4.396893641976712,1500,0.09464069565308143,0.002116988633631583,0.7735431606118867,hist,COMPLETE
25,0.6942943986160024,2026-04-16 13:55:18.073899,2026-04-16 13:55:18.642674,0 days 00:00:00.568775,0.7985035387637728,4.893415877991789,depthwise,0.02077006447411961,4,4.568186220708453,1950,0.5803036163718746,0.055940986385379865,0.8153807769252718,hist,COMPLETE
26,0.6760417532219398,2026-04-16 13:55:18.642831,2026-04-16 13:55:19.149476,0 days 00:00:00.506645,0.8829728780440897,4.936416887721503,depthwise,0.017948038132577032,3,1.0972638657258154,1475,0.004128908967227584,1.8624667699955728,0.8907857154005174,hist,COMPLETE
27,0.5845347856610127,2026-04-16 13:55:19.149620,2026-04-16 13:55:19.195842,0 days 00:00:00.046222,0.777019545720385,5.899964457131009,depthwise,0.030310114166357094,10,2.7127365932692573,75,2.2419375129121226,0.9247350269763911,0.7588897784139171,hist,COMPLETE
28,0.7305466309163297,2026-04-16 13:55:19.195953,2026-04-16 13:55:19.408634,0 days 00:00:00.212681,0.823001445339834,5.808464322482343,depthwise,0.1280425574914764,2,3.2272050498334006,675,0.2631358372315448,0.09597802545737755,0.7194352987541537,hist,COMPLETE
29,0.6903180580884987,2026-04-16 13:55:19.408760,2026-04-16 13:55:19.518839,0 days 00:00:00.110079,0.7587183688528987,5.222305853262613,depthwise,0.1941287044914516,6,4.509492287711822,325,0.2652212074424625,0.2770909486641259,0.771898230243951,hist,COMPLETE
30,0.7213195580125685,2026-04-16 13:55:19.518956,2026-04-16 13:55:19.983089,0 days 00:00:00.464133,0.8403933754515407,4.534027196582813,depthwise,0.1129804084827374,9,4.652962210225885,1625,0.05544124417349646,0.5967179942151559,0.829992786155553,hist,COMPLETE
31,0.7626475461129958,2026-04-16 13:55:19.983249,2026-04-16 13:55:20.515016,0 days 00:00:00.531767,0.8085289269415153,3.281945819522607,depthwise,0.10848011408732297,4,2.502331810559776,1800,0.1025062083372346,0.0013334466485242658,0.793119603626492,hist,COMPLETE
32,0.7488631901115349,2026-04-16 13:55:20.515171,2026-04-16 13:55:20.892036,0 days 00:00:00.376865,0.8539987106197222,5.467801681978974,depthwise,0.023593847283130732,1,1.1493927549968577,1200,0.017882430053916012,0.0027656983409526043,0.8044486520109608,hist,COMPLETE
33,0.7508574247609033,2026-04-16 13:55:20.892185,2026-04-16 13:55:21.305825,0 days 00:00:00.413640,0.8951704158925069,4.594063894704444,depthwise,0.019089283616144762,1,1.2067268846744308,1275,0.0758322378429717,0.16459667540372633,0.8452182667445323,hist,COMPLETE
34,0.7226155883583244,2026-04-16 13:55:21.305960,2026-04-16 13:55:21.540412,0 days 00:00:00.234452,0.8671960241024412,4.316914262116908,depthwise,0.04695936762809009,8,2.083329005048297,675,0.001874141385960667,0.0012250324946592721,0.8925296829355851,hist,COMPLETE
35,0.7428548342917068,2026-04-16 13:55:21.540545,2026-04-16 13:55:21.813258,0 days 00:00:00.272713,0.7559867793891886,3.750728694493786,depthwise,0.08044208493895974,2,1.6257481706843442,850,0.08123210538938974,0.30530693641543366,0.8320394753435463,hist,COMPLETE
36,0.7387166067829163,2026-04-16 13:55:21.813395,2026-04-16 13:55:22.226536,0 days 00:00:00.413141,0.7028786977259511,4.25880018728337,depthwise,0.1747062218823497,6,3.446882984937409,1500,0.007267594524576394,0.017288613564055595,0.8515692220928739,hist,COMPLETE
37,0.6872000177520752,2026-04-16 13:55:22.226683,2026-04-16 13:55:22.284112,0 days 00:00:00.057429,0.7946943541561131,5.1109735781400705,depthwise,0.014158393780305395,1,4.421842336044029,125,0.04454099346705278,0.0021886748094698803,0.7983231750233665,hist,COMPLETE
38,0.7003078458675678,2026-04-16 13:55:22.284227,2026-04-16 13:55:22.580154,0 days 00:00:00.295927,0.8006272517160176,4.905280952602931,depthwise,0.01680122036463993,4,3.463400392208866,900,0.001437234174530459,0.020071206752449597,0.8251719831428472,hist,COMPLETE
39,0.7319431553956017,2026-04-16 13:55:22.580290,2026-04-16 13:55:22.997231,0 days 00:00:00.416941,0.8150948355751758,4.927257834618947,depthwise,0.13011248586606833,2,1.2822749896017194,1350,0.001236468455948248,0.10884606276520269,0.8880460482849916,hist,COMPLETE
40,0.673282420450432,2026-04-16 13:55:22.997367,2026-04-16 13:55:23.388012,0 days 00:00:00.390645,0.7391582269578593,5.824394426329576,depthwise,0.031990477121374275,5,3.1824671572637397,1300,0.022005218660574474,2.1987514522297205,0.8810701283912128,hist,COMPLETE
41,0.7114904184241715,2026-04-16 13:55:23.388144,2026-04-16 13:55:23.474701,0 days 00:00:00.086557,0.7046543871471651,5.04902032024907,depthwise,0.01230952041623672,1,1.3777718430237136,225,0.001768200718291197,0.012856327996992238,0.868975062193891,hist,COMPLETE
42,0.6924457637780843,2026-04-16 13:55:23.474811,2026-04-16 13:55:23.663773,0 days 00:00:00.188962,0.7564069145142612,4.886828540339652,depthwise,0.11472232140872356,2,3.7869486614566026,600,1.124803317678253,0.3596923076562744,0.8606961860769697,hist,COMPLETE
43,0.7036549845945383,2026-04-16 13:55:23.663886,2026-04-16 13:55:24.130823,0 days 00:00:00.466937,0.886151465120713,4.237853030734279,depthwise,0.017015870389650918,9,4.962020568002693,1525,0.01965857316734835,0.500820397098997,0.7681607080506035,hist,COMPLETE
44,0.7194204994635486,2026-04-16 13:55:24.130980,2026-04-16 13:55:24.393638,0 days 00:00:00.262658,0.7640099202061224,3.309371606507798,depthwise,0.13086416511485502,8,4.018171496338729,875,1.374946802316337,0.05712467776052603,0.8652914932215483,hist,COMPLETE
45,0.733082722262308,2026-04-16 13:55:24.393768,2026-04-16 13:55:24.627519,0 days 00:00:00.233751,0.8146875776246572,3.2738600303584007,depthwise,0.14625225873248374,1,4.621527905677055,800,0.01289116704847875,2.011317623277647,0.8901214293875113,hist,COMPLETE
46,0.6998434195961034,2026-04-16 13:55:24.627636,2026-04-16 13:55:24.916535,0 days 00:00:00.288899,0.718241220609738,5.017555368231115,depthwise,0.06638029305717287,3,2.314658181479664,925,0.4131402117945608,0.5654787870011221,0.8579236285589108,hist,COMPLETE
47,0.6994917099711845,2026-04-16 13:55:24.916657,2026-04-16 13:55:24.991800,0 days 00:00:00.075143,0.8523021263434944,5.663112548274899,depthwise,0.04398004272066894,6,2.766122005493508,150,0.016602521401728906,0.0025530317220089516,0.7285983364105671,hist,COMPLETE
48,0.7293230002451935,2026-04-16 13:55:24.991919,2026-04-16 13:55:25.076122,0 days 00:00:00.084203,0.7169675428170383,3.2182890190925804,depthwise,0.06372652604737475,1,3.80387652583648,225,0.7206212764149232,0.28555505921982616,0.71626975612838,hist,COMPLETE
49,0.6094258049172308,2026-04-16 13:55:25.076260,2026-04-16 13:55:25.301598,0 days 00:00:00.225338,0.7167001433397338,5.841745732151576,depthwise,0.19215322885133299,4,4.25119826903001,775,2.6819165246349654,0.4164734310735816,0.7752519171061831,hist,COMPLETE
50,0.7571899167524395,2026-04-16 13:55:25.301720,2026-04-16 13:55:25.871783,0 days 00:00:00.570063,0.8979754754198984,4.69683927204421,depthwise,0.09942007053291473,2,1.849545146840239,1800,0.10272319894436828,0.0037500612880441535,0.790143051180121,hist,COMPLETE
51,0.7510050855752881,2026-04-16 13:55:25.871935,2026-04-16 13:55:26.441553,0 days 00:00:00.569618,0.8975267194187726,3.0638172793313854,depthwise,0.09738399862892536,2,1.8266181299337654,1825,0.030479084414630337,0.0036525869567332198,0.7917585961995547,hist,COMPLETE
52,0.7430915393243229,2026-04-16 13:55:26.441719,2026-04-16 13:55:27.010690,0 days 00:00:00.568971,0.8983585802975546,3.0887131337139477,depthwise,0.09214043388822016,2,1.8920845981043397,1825,0.030177475486644467,0.004541093117959737,0.7900822975020843,hist,COMPLETE
53,0.7448866824454652,2026-04-16 13:55:27.010850,2026-04-16 13:55:27.571707,0 days 00:00:00.560857,0.8998784574823695,3.0117178487153913,depthwise,0.10184143293355713,2,1.7997612289475198,1750,0.11695791419218973,0.032024924524537896,0.7472801509876508,hist,COMPLETE
54,0.7595450882775758,2026-04-16 13:55:27.571876,2026-04-16 13:55:28.157380,0 days 00:00:00.585504,0.893431025881104,4.731006922443007,depthwise,0.05687067082538924,1,2.010317005070095,1875,0.03307689249265736,0.0037572342403673076,0.7865242801758897,hist,COMPLETE
55,0.7389881518974316,2026-04-16 13:55:28.157544,2026-04-16 13:55:28.735879,0 days 00:00:00.578335,0.8913150860834561,4.6803394201915145,depthwise,0.05601949748301211,3,2.0672837468093435,1850,0.03100811596731905,0.0034723830225929834,0.761248851459961,hist,COMPLETE
56,0.7380395853174373,2026-04-16 13:55:28.736029,2026-04-16 13:55:29.256726,0 days 00:00:00.520697,0.8725368678040928,4.712876357327101,depthwise,0.0882933580980165,2,2.5616013706012026,1700,0.12591187865473957,0.0010023646481593699,0.7904373205808546,hist,COMPLETE
57,0.766277105686563,2026-04-16 13:55:29.256885,2026-04-16 13:55:29.842480,0 days 00:00:00.585595,0.8888308499383828,3.3852188714465843,depthwise,0.05270515334852616,1,1.8046796045738307,1900,0.03386431295819452,0.010470852224247634,0.7816427478011301,hist,COMPLETE
58,0.7756864998393166,2026-04-16 13:55:29.842630,2026-04-16 13:55:30.416073,0 days 00:00:00.573443,0.8745082210969417,3.607185684850466,depthwise,0.05318527668444416,1,1.4527438105957384,1900,0.002700977710454625,0.010344501798204843,0.7825772733840366,hist,COMPLETE
59,0.7841176002301324,2026-04-16 13:55:30.416229,2026-04-16 13:55:31.023231,0 days 00:00:00.607002,0.8750713438147452,3.363982995516394,depthwise,0.051472961616178634,1,1.4797929500981422,2000,0.009809524887608006,0.010434533479238879,0.782370263562452,hist,COMPLETE
60,0.7799130720319021,2026-04-16 13:55:31.023389,2026-04-16 13:55:31.628728,0 days 00:00:00.605339,0.8615763020073226,3.439718863954174,depthwise,0.052089086640389366,1,1.4962776217885962,2000,0.002781770040509706,0.010132118640814296,0.7827314594627371,hist,COMPLETE
61,0.7663038354594971,2026-04-16 13:55:31.628886,2026-04-16 13:55:32.229054,0 days 00:00:00.600168,0.8732785807420604,3.625559038474945,depthwise,0.05287289413900731,1,1.4866937281268855,2000,0.002360118236996097,0.010721591325705744,0.7802589048014887,hist,COMPLETE
62,0.7750825991439585,2026-04-16 13:55:32.229204,2026-04-16 13:55:32.843507,0 days 00:00:00.614303,0.8618848661962976,3.6379452397425363,depthwise,0.038611779647013414,1,1.4743767512923978,2000,0.0027470086490860987,0.010490205853269163,0.7798432883579114,hist,COMPLETE
63,0.7797505449658587,2026-04-16 13:55:32.843661,2026-04-16 13:55:33.444025,0 days 00:00:00.600364,0.8643514727392564,3.6263871703321455,depthwise,0.03860678429577569,1,1.4457811298308636,1975,0.0027992248150422307,0.008175624564417078,0.7800782786517425,hist,COMPLETE
64,0.7867118431298687,2026-04-16 13:55:33.444174,2026-04-16 13:55:34.054012,0 days 00:00:00.609838,0.862101427654183,3.6952175111838015,depthwise,0.03479378690570106,1,1.4524942241296213,2000,0.0029969874416334095,0.009414124338976749,0.739414896802715,hist,COMPLETE
65,0.7848293709592331,2026-04-16 13:55:34.054166,2026-04-16 13:55:34.641926,0 days 00:00:00.587760,0.8602410527548788,3.4153508399694803,depthwise,0.03797068935144873,1,1.4613287446570307,1950,0.0028384109469017735,0.0068792005683931965,0.7349346655231306,hist,COMPLETE
66,0.7853260419025487,2026-04-16 13:55:34.642075,2026-04-16 13:55:35.238720,0 days 00:00:00.596645,0.8433124780885055,3.781372691176376,depthwise,0.03573689147735442,1,1.0139979624766613,1950,0.0029080827742456556,0.006603045393106128,0.7338336563311447,hist,COMPLETE
67,0.7806549544470307,2026-04-16 13:55:35.238870,2026-04-16 13:55:35.830429,0 days 00:00:00.591559,0.8432734574979738,3.896398708378136,depthwise,0.03528435230349476,1,1.0343516245050393,1925,0.0033360144911989244,0.006651100420073393,0.732864921647733,hist,COMPLETE
68,0.777646254444103,2026-04-16 13:55:35.830589,2026-04-16 13:55:36.458287,0 days 00:00:00.627698,0.842762061320262,4.015586357885941,depthwise,0.03403578970013466,2,1.0176873188851558,1950,0.003811921995788914,0.006442249456185136,0.73050762979824,hist,COMPLETE
69,0.7804830094701813,2026-04-16 13:55:36.458435,2026-04-16 13:55:36.968221,0 days 00:00:00.509786,0.8438259635989848,3.4153283633234626,depthwise,0.038828361591465445,1,1.6441059480871305,1700,0.0010122205962105149,0.03796504114842874,0.7346577419879393,hist,COMPLETE
70,0.7771342833005297,2026-04-16 13:55:36.968371,2026-04-16 13:55:37.467524,0 days 00:00:00.499153,0.8424751980499966,3.4166815597006233,depthwise,0.035705853564916123,1,1.6565889529675832,1650,0.009593789250148012,0.0051081754541040135,0.7390021051866569,hist,COMPLETE
71,0.7933577557251091,2026-04-16 13:55:37.467665,2026-04-16 13:55:38.060415,0 days 00:00:00.592750,0.832787414086052,3.818260514906377,depthwise,0.03978692842920899,1,1.2191221653033788,1950,0.005257676640647152,0.033532855137523285,0.7072461175812274,hist,COMPLETE
72,0.7902769385087616,2026-04-16 13:55:38.060579,2026-04-16 13:55:38.604389,0 days 00:00:00.543810,0.8319989002075636,3.8436143725356717,depthwise,0.0486636366684998,1,1.2300581293561388,1750,0.005381701582717929,0.03159942250069299,0.7022189034126409,hist,COMPLETE
73,0.7804361433223578,2026-04-16 13:55:38.604536,2026-04-16 13:55:39.158110,0 days 00:00:00.553574,0.8295312991641295,3.8544000862725007,depthwise,0.041312617822632056,2,1.0184248367633224,1725,0.005588828564590368,0.03767793110932631,0.706465943694399,hist,COMPLETE
74,0.7839827272215781,2026-04-16 13:55:39.158253,2026-04-16 13:55:39.741612,0 days 00:00:00.583359,0.8333499855385287,4.0725640982040385,depthwise,0.04672135748778045,1,1.2584947267186515,1925,0.00527011874484874,0.027989120992190843,0.7398242500466113,hist,COMPLETE
75,0.7877882653998786,2026-04-16 13:55:39.741764,2026-04-16 13:55:40.323284,0 days 00:00:00.581520,0.8553714989815314,4.14787319815554,depthwise,0.047627625510791895,1,1.2820656682250768,1925,0.00471427222089366,0.028456462106519604,0.7119132912228859,hist,COMPLETE
76,0.7770780185739946,2026-04-16 13:55:40.323439,2026-04-16 13:55:40.945774,0 days 00:00:00.622335,0.8327160039329399,4.108735476119965,depthwise,0.0454879961440746,2,1.2100412340588578,1925,0.008282881512960862,0.02827725669494804,0.7107817038607424,hist,COMPLETE
77,0.780383282859397,2026-04-16 13:55:40.945925,2026-04-16 13:55:41.493077,0 days 00:00:00.547152,0.854906943833268,4.07478078027257,depthwise,0.0484997836875532,1,1.2610668654241763,1775,0.005022085520898315,0.0758824386816713,0.7240182953726246,hist,COMPLETE
78,0.7880469415743926,2026-04-16 13:55:41.493228,2026-04-16 13:55:42.061899,0 days 00:00:00.568671,0.8487841864568025,3.723319921794444,depthwise,0.03167484684631617,1,1.3401996618964782,1875,0.010630365382769479,0.014647570492761473,0.713334366249932,hist,COMPLETE
79,0.7754265668902615,2026-04-16 13:55:42.062062,2026-04-16 13:55:42.672730,0 days 00:00:00.610668,0.8466182825307266,3.746711631657201,depthwise,0.0308726542491293,2,1.125100803662019,1875,0.00986826181803182,0.01460680286257436,0.7013232397689964,hist,COMPLETE
