number,value,datetime_start,datetime_complete,duration,params_colsample_bytree,params_gamma,params_grow_policy,params_learning_rate,params_max_depth,params_min_child_weight,params_n_estimators,params_reg_alpha,params_reg_lambda,params_subsample,params_tree_method,state
81,0.6075474877764635,2026-04-16 13:53:05.932869,2026-04-16 13:53:08.208736,0 days 00:00:02.275867,0.8943290552978788,4.667326089616446,depthwise,0.03545965756959691,1,2.0162015891896212,575,0.003997443162011966,0.0012120932603391082,0.8932779524924078,hist,COMPLETE
82,0.605713860810581,2026-04-16 13:53:08.208885,2026-04-16 13:53:10.579356,0 days 00:00:02.370471,0.8953599325264967,4.482803348630768,depthwise,0.034850753615483995,1,2.015511303468149,600,0.0023715220902900775,0.0018082891361844333,0.8929328300642645,hist,COMPLETE
83,0.627133332561102,2026-04-16 13:53:10.579503,2026-04-16 13:53:11.755002,0 days 00:00:01.175499,0.8820246522103762,4.822790493735057,depthwise,0.012683919357737253,1,2.2817343536912484,275,0.004115035878248298,0.0013295226139456988,0.8861265867445374,hist,COMPLETE
84,0.5820262229328086,2026-04-16 13:53:11.755145,2026-04-16 13:53:13.406486,0 days 00:00:01.651341,0.8886333970888287,4.8028754329466015,depthwise,0.011249193064868936,2,2.842578046095,275,0.001615178233043118,0.004939935977167114,0.8843090002147209,hist,COMPLETE
85,0.6247659880187036,2026-04-16 13:53:13.406648,2026-04-16 13:53:14.304476,0 days 00:00:00.897828,0.8802893114366936,5.028172427658429,depthwise,0.012158493793636448,1,2.2655294474193073,200,0.011511354803610242,0.00783674238353929,0.8868559958879111,hist,COMPLETE
86,0.574846539390919,2026-04-16 13:53:14.304618,2026-04-16 13:53:15.115546,0 days 00:00:00.810928,0.8578555115397501,5.131451564699173,depthwise,0.013031314216736662,8,2.2523809026123676,50,0.010829982745636846,0.002268320377082181,0.8742246709212879,hist,COMPLETE
87,0.61813821090965,2026-04-16 13:53:15.115721,2026-04-16 13:53:15.954102,0 days 00:00:00.838381,0.775430860095734,4.834445934961499,depthwise,0.012038753708242013,1,2.463530015995095,200,0.0020157997836214507,0.009061895347431709,0.8553165709757382,hist,COMPLETE
88,0.6043476065813208,2026-04-16 13:53:15.954251,2026-04-16 13:53:17.382710,0 days 00:00:01.428459,0.7695721000976361,5.376547861566175,depthwise,0.015323615515637337,10,2.4780022263096266,200,0.002738398269971748,0.0047057646060546625,0.8695383188802577,hist,COMPLETE
89,0.6065525070531379,2026-04-16 13:53:17.382872,2026-04-16 13:53:17.875221,0 days 00:00:00.492349,0.7880929449298695,5.033694631702614,depthwise,0.013270548928655646,1,2.8961381094764653,100,0.002051963237700005,0.00723098632918995,0.8788891143896329,hist,COMPLETE
90,0.5989093299019085,2026-04-16 13:53:17.875343,2026-04-16 13:53:19.720083,0 days 00:00:01.844740,0.8690126956961088,4.990974697801979,depthwise,0.012351516132547312,2,2.299571346245285,325,0.001316927725593886,0.009565348073755846,0.8607878955787069,hist,COMPLETE
91,0.6149149665857246,2026-04-16 13:53:19.720245,2026-04-16 13:53:20.808612,0 days 00:00:01.088367,0.8745385384648152,4.869375341831823,depthwise,0.015074700277519086,1,2.1190555242487106,250,0.00466148668959459,0.00855314327828256,0.8878165928264166,hist,COMPLETE
92,0.626365243950304,2026-04-16 13:53:20.808756,2026-04-16 13:53:21.698486,0 days 00:00:00.889730,0.8748957165445191,5.22673312238049,depthwise,0.01500928578679166,1,2.4203929594670277,200,0.004046791848306051,0.008603671423621955,0.8786030529148047,hist,COMPLETE
93,0.6180322910218029,2026-04-16 13:53:21.698630,2026-04-16 13:53:22.526809,0 days 00:00:00.828179,0.7441429030582876,4.829584507530331,depthwise,0.011936368299355455,1,2.419654891077643,200,0.003654367876697973,0.008803053078001352,0.88863541408237,hist,COMPLETE
94,0.6202893409763994,2026-04-16 13:53:22.526955,2026-04-16 13:53:23.337483,0 days 00:00:00.810528,0.708345555276992,4.857711767809919,depthwise,0.015083179360946532,1,2.579727080103851,200,0.0038426819412841736,0.00859200311413557,0.8908268688246807,hist,COMPLETE
95,0.619489507400733,2026-04-16 13:53:23.337628,2026-04-16 13:53:24.144121,0 days 00:00:00.806493,0.7096503589088926,4.850991329563871,depthwise,0.011909024328266907,1,2.5709189444781,200,0.004383137112006268,0.007891298137910533,0.8990758243533196,hist,COMPLETE
96,0.6187085882650354,2026-04-16 13:53:24.144253,2026-04-16 13:53:24.949244,0 days 00:00:00.804991,0.7083895372387148,5.262390184143544,depthwise,0.01203667381826565,1,2.6389884905085426,200,0.0067496220892944514,0.01438777864245484,0.897921597837244,hist,COMPLETE
97,0.5879477253347578,2026-04-16 13:53:24.949376,2026-04-16 13:53:26.016369,0 days 00:00:01.066993,0.7102196826968546,5.2163941539514695,depthwise,0.01067907196022584,2,2.652123542899018,175,0.006494314398806518,0.0068258183204578105,0.8985563666763131,hist,COMPLETE
98,0.6150293321420467,2026-04-16 13:53:26.016514,2026-04-16 13:53:26.589395,0 days 00:00:00.572881,0.7350929099651535,5.292353493796042,depthwise,0.012030863134119815,1,2.551385439565482,125,0.003761502675280375,0.01649558905798866,0.8884375513164757,hist,COMPLETE
99,0.5941826875555927,2026-04-16 13:53:26.589542,2026-04-16 13:53:27.021920,0 days 00:00:00.432378,0.7461776216920586,5.467298690635185,depthwise,0.014769735611772552,2,2.3848998232172653,50,0.004771642925417681,0.005618867651829334,0.8969351701095568,hist,COMPLETE
100,0.6147488155187786,2026-04-16 13:53:27.022052,2026-04-16 13:53:27.826355,0 days 00:00:00.804303,0.7238132279377,4.822427388162638,depthwise,0.010158414495122378,1,2.978622880350436,200,0.006657525184915621,0.014321986617116079,0.8918185658033515,hist,COMPLETE
101,0.6144313531828398,2026-04-16 13:53:27.826482,2026-04-16 13:53:28.404798,0 days 00:00:00.578316,0.7118598536618949,5.28840767460146,depthwise,0.016130452620892088,1,2.5825115589368215,125,0.0037959960131479127,0.008598958222973579,0.8873158272355846,hist,COMPLETE
102,0.6121400306095461,2026-04-16 13:53:28.404944,2026-04-16 13:53:28.989992,0 days 00:00:00.585048,0.7333727522903992,5.552921226070565,depthwise,0.011937488642210498,1,2.7421341302396374,125,0.0032757778117998675,0.016132626078039298,0.8953408926906457,hist,COMPLETE
103,0.6118071484626049,2026-04-16 13:53:28.990115,2026-04-16 13:53:29.491190,0 days 00:00:00.501075,0.7363696536997565,5.1085482316560205,depthwise,0.013608072772790844,1,2.5113343004490774,100,0.00285337685676517,0.020218910217783322,0.8879996802611835,hist,COMPLETE
104,0.6243755577044798,2026-04-16 13:53:29.491334,2026-04-16 13:53:30.553661,0 days 00:00:01.062327,0.7013474903845969,4.953445381026345,depthwise,0.011335194235110126,1,2.417848223759579,275,0.004331133005855162,0.011345812946847101,0.8994192375744807,hist,COMPLETE
105,0.6185577794464749,2026-04-16 13:53:30.553795,2026-04-16 13:53:31.534864,0 days 00:00:00.981069,0.701497202342613,4.9865701029239204,depthwise,0.011126338625517828,1,2.393169410440522,250,0.011133397952888794,0.011245419689285557,0.8997828237934384,hist,COMPLETE
106,0.6167357876445803,2026-04-16 13:53:31.535017,2026-04-16 13:53:32.523099,0 days 00:00:00.988082,0.700694469214178,4.855634971215383,depthwise,0.011167207641084522,1,2.373477356102388,250,0.007684085427933475,0.006628076408126531,0.8995656885314641,hist,COMPLETE
107,0.5888106083729641,2026-04-16 13:53:32.523236,2026-04-16 13:53:33.598606,0 days 00:00:01.075370,0.7003689273385629,4.971330871223128,depthwise,0.011021442533443445,2,2.4239680915538,175,0.010926086323860997,0.011235253374794118,0.8988922876476734,hist,COMPLETE
108,0.6109807880959557,2026-04-16 13:53:33.598744,2026-04-16 13:53:34.505456,0 days 00:00:00.906712,0.7091376280276912,5.0762632337061575,depthwise,0.012908774792056866,1,2.6956650112603024,225,0.0115561260594935,0.009455409968882972,0.8986661421292911,hist,COMPLETE
109,0.5779759054947069,2026-04-16 13:53:34.505599,2026-04-16 13:53:35.899282,0 days 00:00:01.393683,0.7068069834331221,4.846682404595177,depthwise,0.013996446566160652,2,2.828888811541066,275,0.02429520882136617,0.006237634349797447,0.8939726163153843,hist,COMPLETE
110,0.618275164031188,2026-04-16 13:53:35.899430,2026-04-16 13:53:37.230080,0 days 00:00:01.330650,0.7132409612743179,5.151247034530888,depthwise,0.011772115130468606,1,2.2730832090269653,350,0.007479242491206588,0.007661763151047575,0.8814352482038902,hist,COMPLETE
111,0.630820450986908,2026-04-16 13:53:37.230232,2026-04-16 13:53:38.474057,0 days 00:00:01.243825,0.7138661299084981,4.963661875244179,depthwise,0.011713305204715318,1,2.247811205942622,325,0.01514959857178007,0.007804018291192333,0.8810680762688474,hist,COMPLETE
112,0.6200399868367501,2026-04-16 13:53:38.474206,2026-04-16 13:53:39.722616,0 days 00:00:01.248410,0.712484163367747,4.93625660290025,depthwise,0.010121104132555207,1,2.2504156460196127,325,0.015618322024920896,0.008161445738528771,0.8810969820342318,hist,COMPLETE
113,0.61798438207953,2026-04-16 13:53:39.722766,2026-04-16 13:53:41.008357,0 days 00:00:01.285591,0.7234990884707939,5.172536976616635,depthwise,0.010000525247282236,1,2.246853796391302,325,0.01514178045293873,0.007611570547704005,0.8807507916305625,hist,COMPLETE
114,0.6165899159330088,2026-04-16 13:53:41.008500,2026-04-16 13:53:42.317015,0 days 00:00:01.308515,0.7141722409531238,4.93068088527317,depthwise,0.01831765236568582,1,2.303656638231085,350,0.014184274758096763,0.014067565034453658,0.8806656913724363,hist,COMPLETE
115,0.616784520100625,2026-04-16 13:53:42.317147,2026-04-16 13:53:43.471010,0 days 00:00:01.153863,0.7047123669263187,5.011522549209383,depthwise,0.012750249913891776,1,2.4584002495407438,300,0.026346135699193744,0.004124515590595615,0.8919264997852051,hist,COMPLETE
116,0.5750459987569749,2026-04-16 13:53:43.471137,2026-04-16 13:53:45.321858,0 days 00:00:01.850721,0.7211409362915198,5.244624483642514,depthwise,0.011478442564905406,2,2.2046166111981123,375,0.036674836664907035,0.010930521867972599,0.8947885339843284,hist,COMPLETE
117,0.6170889638435167,2026-04-16 13:53:45.322014,2026-04-16 13:53:45.964601,0 days 00:00:00.642587,0.7133930152121781,4.955033139014368,depthwise,0.010655343326769895,1,2.6126438425567446,150,0.019662220458958962,0.007761743162197766,0.8804433964461196,hist,COMPLETE
118,0.626130257112751,2026-04-16 13:53:45.964747,2026-04-16 13:53:46.363675,0 days 00:00:00.398928,0.7293238859796843,5.364829822139834,depthwise,0.015617922528370895,1,2.4994207667009745,75,0.004703046613577654,0.005407672049455274,0.8903712671465663,hist,COMPLETE
119,0.6209021489642843,2026-04-16 13:53:46.363819,2026-04-16 13:53:46.850086,0 days 00:00:00.486267,0.7084928098492266,5.387317183291229,depthwise,0.015524979695892215,1,2.3436310184388875,100,0.012158640406821318,0.00512216126600386,0.8905152382837818,hist,COMPLETE
120,0.5901092817609929,2026-04-16 13:53:46.850215,2026-04-16 13:53:47.401443,0 days 00:00:00.551228,0.7079255089641411,5.537754569395205,depthwise,0.01596554094937474,2,2.665678074884259,75,0.013190229173750716,0.003766952844914036,0.8904062643464661,hist,COMPLETE
121,0.6355318314951777,2026-04-16 13:53:47.401564,2026-04-16 13:53:47.818643,0 days 00:00:00.417079,0.729387117399095,5.429559361323804,depthwise,0.014325498313665334,1,2.309456436745179,75,0.016354983638458893,0.005437061618761403,0.8849606714076195,hist,COMPLETE
122,0.624126126517701,2026-04-16 13:53:47.818788,2026-04-16 13:53:48.236434,0 days 00:00:00.417646,0.7270077240350684,5.328775781573969,depthwise,0.014633051892286914,1,2.5253446439673226,75,0.010199074057983818,0.005277598466268904,0.8846359395363068,hist,COMPLETE
123,0.6237908099291765,2026-04-16 13:53:48.236559,2026-04-16 13:53:48.657268,0 days 00:00:00.420709,0.7296506552015409,5.370633039808732,depthwise,0.02160117244801546,1,2.5318285885737906,75,0.019097495926267534,0.005166243273555301,0.8870005129196346,hist,COMPLETE
124,0.6052827287998508,2026-04-16 13:53:48.657415,2026-04-16 13:53:48.979555,0 days 00:00:00.322140,0.7280459302212587,5.377803549095336,depthwise,0.022041301737219014,1,2.7822078662557663,50,0.015340914306426668,0.0052627344350634165,0.8860617676399404,hist,COMPLETE
125,0.6085609816346768,2026-04-16 13:53:48.979687,2026-04-16 13:53:49.466538,0 days 00:00:00.486851,0.7243923247372481,5.639306874959531,depthwise,0.019844240926553406,1,2.5345654454666957,100,0.017683298702149138,0.0045838767097337784,0.876895889127296,hist,COMPLETE
126,0.6144713723291804,2026-04-16 13:53:49.466652,2026-04-16 13:53:50.128275,0 days 00:00:00.661623,0.7181397261883595,5.451934777878289,depthwise,0.014269014485294324,1,2.32570612721984,150,0.03155988575784861,0.0032863824461918543,0.8837374733721025,hist,COMPLETE
127,0.5791522084073117,2026-04-16 13:53:50.128417,2026-04-16 13:53:50.678302,0 days 00:00:00.549885,0.7321881506207829,5.356557524724411,depthwise,0.016391993899374634,2,3.083244363294651,75,0.0240665472365973,0.0027314238628483025,0.8900570001450647,hist,COMPLETE
128,0.6109702828613433,2026-04-16 13:53:50.678445,2026-04-16 13:53:51.003880,0 days 00:00:00.325435,0.7268187905052309,5.553492911289122,depthwise,0.018403969901377534,1,2.096015743851366,50,0.012430048856870367,0.0048024566990313555,0.8942412803472424,hist,COMPLETE
129,0.6015417483211043,2026-04-16 13:53:51.004019,2026-04-16 13:53:51.919623,0 days 00:00:00.915604,0.7180350880094425,5.322877047577303,depthwise,0.01563731388290372,2,2.508541982744962,150,0.009600808285422115,0.005879446207509443,0.8846446253499047,hist,COMPLETE
130,0.6172728783566067,2026-04-16 13:53:51.919763,2026-04-16 13:53:52.422369,0 days 00:00:00.502606,0.7302096667263085,5.073160192756602,depthwise,0.013570216048860667,1,2.249873687402895,100,0.020358573637494527,0.004201798300090287,0.8783259930898453,hist,COMPLETE
131,0.6166972521440831,2026-04-16 13:53:52.422510,2026-04-16 13:53:53.157659,0 days 00:00:00.735149,0.7053999590469807,5.253804015155526,depthwise,0.017477022280599084,1,2.9230131601206546,175,0.00459002221777436,0.00634518744930024,0.891059471134043,hist,COMPLETE
132,0.6102532951772532,2026-04-16 13:53:53.157791,2026-04-16 13:53:54.047785,0 days 00:00:00.889994,0.7150877281728218,5.422936315147207,depthwise,0.014505396395148022,1,2.6932607905888517,225,0.005858494421822657,0.010168798648202939,0.895056358810503,hist,COMPLETE
133,0.6150899016484138,2026-04-16 13:53:54.047925,2026-04-16 13:53:54.619459,0 days 00:00:00.571534,0.7421462208135993,5.331931207600059,depthwise,0.013091793165709603,1,2.58487038382528,125,0.016939799336379763,0.012601482669462061,0.8865099113770758,hist,COMPLETE
134,0.6139189426315779,2026-04-16 13:53:54.619587,2026-04-16 13:53:55.367372,0 days 00:00:00.747785,0.7210736937550678,5.2007301406761,depthwise,0.012445279386832531,1,2.353627849704533,175,0.005343557802421191,0.005734105915782309,0.8907732969614374,hist,COMPLETE
135,0.6220951160606063,2026-04-16 13:53:55.367515,2026-04-16 13:53:56.436231,0 days 00:00:01.068716,0.7094640219664968,5.5136778196926315,depthwise,0.014514266240936479,1,2.473397526255738,275,0.008072201925049847,0.007852112133405602,0.8830295026853033,hist,COMPLETE
136,0.6236482160204391,2026-04-16 13:53:56.436392,2026-04-16 13:53:57.559998,0 days 00:00:01.123606,0.7389866987284157,5.746179630414883,depthwise,0.017068236884159153,1,2.1919824711383793,275,0.00835568483868244,0.0029774063850774145,0.8735257482604485,hist,COMPLETE
137,0.6224323561235775,2026-04-16 13:53:57.560149,2026-04-16 13:53:58.665140,0 days 00:00:01.104991,0.7384378927075985,5.738267398688401,depthwise,0.01497279483006998,1,2.190142720606073,275,0.008915662011441436,0.003706600600184376,0.873925904622705,hist,COMPLETE
138,0.6188905045913394,2026-04-16 13:53:58.665276,2026-04-16 13:53:59.851857,0 days 00:00:01.186581,0.7495372895175674,5.719651150677836,depthwise,0.015032780909066137,1,2.1947073425998203,300,0.009543855224993661,0.003629607539191068,0.8677556254346233,hist,COMPLETE
139,0.61044987644135,2026-04-16 13:53:59.851998,2026-04-16 13:54:01.227124,0 days 00:00:01.375126,0.7394619586553526,5.879425231127157,depthwise,0.01729647249055576,2,2.0882492239407675,275,0.012290748278773961,0.0030272567744390583,0.8746748466909443,hist,COMPLETE
140,0.6209568955543603,2026-04-16 13:54:01.227280,2026-04-16 13:54:01.546440,0 days 00:00:00.319160,0.7294378015585877,5.760486433895903,depthwise,0.01690498828339714,1,2.463580975453548,50,0.00781668332579687,0.005014144270496037,0.8728233720216413,hist,COMPLETE
141,0.6307647176535227,2026-04-16 13:54:01.546585,2026-04-16 13:54:01.951426,0 days 00:00:00.404841,0.7285765285674006,5.96756792243235,depthwise,0.016662293476090925,1,2.451226617073867,75,0.007876434418147915,0.005250932858629238,0.8713872509218469,hist,COMPLETE
142,0.62745448861633,2026-04-16 13:54:01.951548,2026-04-16 13:54:02.272007,0 days 00:00:00.320459,0.7292780477574042,5.759892071919874,depthwise,0.01859966972974541,1,2.4122145245477564,50,0.009362213545697414,0.00481710283484401,0.8709774151444807,hist,COMPLETE
143,0.6116223468728024,2026-04-16 13:54:02.272126,2026-04-16 13:54:02.590062,0 days 00:00:00.317936,0.7278370192548015,5.9946038248730735,depthwise,0.022735377772401536,1,2.475937830480652,50,0.008215934352714057,0.0043102522554507,0.8620747478485797,hist,COMPLETE
144,0.6063675839300481,2026-04-16 13:54:02.590192,2026-04-16 13:54:02.906322,0 days 00:00:00.316130,0.7377705525326794,5.699212938331547,depthwise,0.020472243396670153,1,2.4301856905780035,50,0.0058499236567040695,0.0033618097905537677,0.8720208243260087,hist,COMPLETE
145,0.6118314069142328,2026-04-16 13:54:02.906446,2026-04-16 13:54:03.478980,0 days 00:00:00.572534,0.7322739630712757,5.751701787204594,depthwise,0.01682656327363332,1,2.1646039530465755,125,0.007817064607398139,0.002690071821456054,0.8672930625853829,hist,COMPLETE
146,0.607924249364054,2026-04-16 13:54:03.479104,2026-04-16 13:54:03.966199,0 days 00:00:00.487095,0.7423921703946215,5.957836228456501,depthwise,0.01909644616758012,1,2.2978184018221994,100,0.009428773654331,0.002282826828976615,0.8750472456616646,hist,COMPLETE
147,0.6213060988536138,2026-04-16 13:54:03.966339,2026-04-16 13:54:04.362644,0 days 00:00:00.396305,0.7255903999402138,5.612964066833354,depthwise,0.014193283161492471,1,2.438161169256322,75,0.006970775649895278,0.006825975231933011,0.8693873402716762,hist,COMPLETE
148,0.6144420223203555,2026-04-16 13:54:04.362763,2026-04-16 13:54:05.023591,0 days 00:00:00.660828,0.7249835982054222,5.619797427865319,depthwise,0.013853331181363063,1,2.4093274065525754,150,0.010323220035311336,0.006964861238349815,0.8697066330017601,hist,COMPLETE
149,0.6099341108231389,2026-04-16 13:54:05.023725,2026-04-16 13:54:06.163314,0 days 00:00:01.139589,0.7519106487052136,5.814687171587155,depthwise,0.02488485799977291,2,2.200555997753479,225,0.006558102729256936,0.005878425131822973,0.8788744396402464,hist,COMPLETE
150,0.609086561257051,2026-04-16 13:54:06.163465,2026-04-16 13:54:07.205411,0 days 00:00:01.041946,0.7365578184959056,5.5070340869840795,depthwise,0.014121365173390747,1,2.065054747213868,250,0.004938486336556248,0.0038549416368284196,0.8571992539052073,hist,COMPLETE
151,0.6045242900305074,2026-04-16 13:54:07.205548,2026-04-16 13:54:10.500888,0 days 00:00:03.295340,0.7218016192613272,5.606907337092481,depthwise,0.01665257082521932,1,2.489516308692415,975,0.00806267208022918,0.005189560313068709,0.8722282735379875,hist,COMPLETE
152,0.6327419475450687,2026-04-16 13:54:10.501022,2026-04-16 13:54:10.900685,0 days 00:00:00.399663,0.7314228871039025,5.741599665821587,depthwise,0.01808798420880268,1,2.3196219988103848,75,0.008728427537699885,0.004695094875231663,0.8629990940480903,hist,COMPLETE
153,0.6201656786635755,2026-04-16 13:54:10.900804,2026-04-16 13:54:11.301984,0 days 00:00:00.401180,0.7331160650573135,5.893811325104078,depthwise,0.017916722860823218,1,2.309601483518233,75,0.01354766868203418,0.006392805404853744,0.8644380583222335,hist,COMPLETE
154,0.5947543608734243,2026-04-16 13:54:11.302132,2026-04-16 13:54:12.386986,0 days 00:00:01.084854,0.7296885180829465,5.594531792127558,depthwise,0.019128692291174913,5,2.367364611028841,150,0.010230524436894766,0.004065399997826278,0.8773355316264246,hist,COMPLETE
155,0.6126031904318008,2026-04-16 13:54:12.387132,2026-04-16 13:54:12.872810,0 days 00:00:00.485678,0.7256924770975102,5.697469685745603,depthwise,0.021698386967772012,1,2.141165116993282,100,0.005992341596586857,0.004589508350174158,0.8837652515033649,hist,COMPLETE
156,0.6071128866177882,2026-04-16 13:54:12.872929,2026-04-16 13:54:13.362051,0 days 00:00:00.489122,0.7376654857065991,5.511075149661561,depthwise,0.016056271170884154,1,2.243117417202426,100,0.009208174972846204,0.0031204361412192605,0.86680307586312,hist,COMPLETE
157,0.6065973997745028,2026-04-16 13:54:13.362185,2026-04-16 13:54:17.147840,0 days 00:00:03.785655,0.720856640308192,5.797037185740127,depthwise,0.013152098736248338,1,2.3666936604445317,1125,0.0071229646865471905,0.006593572288211317,0.8822803369537966,hist,COMPLETE
158,0.6135775782674192,2026-04-16 13:54:17.148000,2026-04-16 13:54:17.886926,0 days 00:00:00.738926,0.7458151825922511,5.850203164579414,depthwise,0.01466137091141056,1,2.52218050273052,175,0.011164665721894397,0.00538487009107432,0.8616513166196308,hist,COMPLETE
159,0.6211030314446765,2026-04-16 13:54:17.887047,2026-04-16 13:54:18.840522,0 days 00:00:00.953475,0.7177471565320495,5.461535404964509,depthwise,0.018279206894213404,1,2.739187744131652,250,0.005083670865919411,0.002048123602601604,0.7838879815095737,hist,COMPLETE
160,0.6174445610365226,2026-04-16 13:54:18.840668,2026-04-16 13:54:20.334053,0 days 00:00:01.493385,0.741264060365727,5.667930336334948,depthwise,0.013673758428982339,1,2.4428360761086783,400,0.013529521904805109,0.009783800997481384,0.8761735128063605,hist,COMPLETE
161,0.6117434786294903,2026-04-16 13:54:20.334198,2026-04-16 13:54:21.221818,0 days 00:00:00.887620,0.7185799728587522,5.474565507985063,depthwise,0.018032631213463,1,2.7739991284773735,225,0.0050805268672110375,0.001329524421669048,0.8791007353155966,hist,COMPLETE
