number,value,datetime_start,datetime_complete,duration,params_colsample_bytree,params_gamma,params_grow_policy,params_learning_rate,params_max_depth,params_min_child_weight,params_n_estimators,params_reg_alpha,params_reg_lambda,params_subsample,params_tree_method,state
161,0.796495259495823,2026-04-16 13:56:24.966456,2026-04-16 13:56:25.473788,0 days 00:00:00.507332,0.7967219794602666,3.5938451102751108,depthwise,0.05348791315323758,1,1.1586153127193335,1700,0.004043504164903523,0.13584849254635403,0.7058451475097443,hist,COMPLETE
162,0.7938033706619322,2026-04-16 13:56:25.473927,2026-04-16 13:56:26.004343,0 days 00:00:00.530416,0.7857246717277128,3.5192567286156224,depthwise,0.05350171951564997,1,1.0873938191314754,1775,0.004172223676720069,0.18863742042601764,0.7062683939366878,hist,COMPLETE
163,0.791094608488249,2026-04-16 13:56:26.004492,2026-04-16 13:56:26.542734,0 days 00:00:00.538242,0.7976363434243958,3.516182810108844,depthwise,0.055781894384860115,1,1.0755316959978822,1800,0.004253610671429853,0.17102084508837906,0.7061987474718905,hist,COMPLETE
164,0.7927426930398683,2026-04-16 13:56:26.542887,2026-04-16 13:56:27.045008,0 days 00:00:00.502121,0.8022382350728596,3.6189074979373097,depthwise,0.05994417069536247,1,1.1451446205629623,1675,0.0036021430980371157,0.1829958936260542,0.705819653907901,hist,COMPLETE
165,0.7925490190976607,2026-04-16 13:56:27.045154,2026-04-16 13:56:27.537671,0 days 00:00:00.492517,0.7867770135666086,3.3531318634158445,depthwise,0.06431354672312989,1,1.1436956136738472,1650,0.0037897613647590355,0.140659438800913,0.7050428778095408,hist,COMPLETE
166,0.7895118419881102,2026-04-16 13:56:27.537816,2026-04-16 13:56:28.017486,0 days 00:00:00.479670,0.7947867531101378,3.3388750810513073,depthwise,0.06311704127810287,1,1.1161632414545926,1600,0.0026369128239706443,0.18428952769055001,0.7063558434686265,hist,COMPLETE
167,0.7957811719805136,2026-04-16 13:56:28.017624,2026-04-16 13:56:28.517362,0 days 00:00:00.499738,0.7850950248725944,3.286037360564263,depthwise,0.05765040771256168,1,1.1758690621372245,1675,0.0036236078129958803,0.15210859722932119,0.709502582155406,hist,COMPLETE
168,0.7858021351683006,2026-04-16 13:56:28.517510,2026-04-16 13:56:29.018368,0 days 00:00:00.500858,0.7857114237601838,3.248260313772321,depthwise,0.07219153179804694,1,1.1519244341091819,1675,0.003768591384418981,0.13762757089396963,0.709210808975038,hist,COMPLETE
169,0.7966171534673376,2026-04-16 13:56:29.018513,2026-04-16 13:56:29.512909,0 days 00:00:00.494396,0.7857243411914172,3.458585749694551,depthwise,0.06460199419368559,1,1.0811003014072567,1650,0.00305659062499758,0.273078351724518,0.7043663032457012,hist,COMPLETE
170,0.7907269689754004,2026-04-16 13:56:29.513060,2026-04-16 13:56:29.989089,0 days 00:00:00.476029,0.7981072463223712,3.456970698099994,depthwise,0.05637872091481577,1,1.0752552222045246,1575,0.0030373981636157114,0.19173898701833111,0.712507650261381,hist,COMPLETE
171,0.7854464865518642,2026-04-16 13:56:29.989236,2026-04-16 13:56:30.481728,0 days 00:00:00.492492,0.7865256799412643,3.172033097999324,depthwise,0.06471654847415978,1,1.19220286258323,1650,0.0033431030014319284,0.3516257100960338,0.7049576376085399,hist,COMPLETE
172,0.7917846837960161,2026-04-16 13:56:30.481872,2026-04-16 13:56:30.982766,0 days 00:00:00.500894,0.7889031657552906,3.34617824934087,depthwise,0.05911467699467621,1,1.178033692795544,1675,0.0024855905756108274,0.2447566909969866,0.70473636829778,hist,COMPLETE
173,0.7921209948364185,2026-04-16 13:56:30.982922,2026-04-16 13:56:31.472471,0 days 00:00:00.489549,0.783991047031397,3.4025832675506753,depthwise,0.05438904345740281,1,1.0857273910955247,1625,0.003969949298671527,0.28201970640973567,0.7090499121542813,hist,COMPLETE
174,0.7867521115903525,2026-04-16 13:56:31.472612,2026-04-16 13:56:31.978974,0 days 00:00:00.506362,0.7925471145678824,3.3068299854182297,depthwise,0.06496336753512212,1,1.250373589734374,1700,0.004127438003141467,0.14357440962411724,0.7041376706764993,hist,COMPLETE
175,0.7913709728459946,2026-04-16 13:56:31.979116,2026-04-16 13:56:32.512269,0 days 00:00:00.533153,0.8033328084065466,3.598142282910396,depthwise,0.060040776963871174,1,1.00596737124945,1775,0.005460092436370142,0.16488382081687333,0.7138872355215461,hist,COMPLETE
176,0.76445492517888,2026-04-16 13:56:32.512423,2026-04-16 13:56:33.053053,0 days 00:00:00.540630,0.8007117995700794,3.4727508127057876,depthwise,0.04720736930144438,7,1.1647604911342566,1700,0.006626315371373678,0.1257334374064312,0.708351227692746,hist,COMPLETE
177,0.7648990670962388,2026-04-16 13:56:33.053195,2026-04-16 13:56:33.557009,0 days 00:00:00.503814,0.795640332545237,3.3874111610794393,depthwise,0.06930377178836103,10,1.0799053055491379,1600,0.003447338261089976,0.16997673515525738,0.7041276969074436,hist,COMPLETE
178,0.8009897930142739,2026-04-16 13:56:33.557154,2026-04-16 13:56:34.079030,0 days 00:00:00.521876,0.7868277235102342,3.5344108397632246,depthwise,0.05287217047226218,1,1.2440791538508964,1750,0.004581070315149213,0.15138637878630354,0.7000665986121086,hist,COMPLETE
179,0.7894981283897159,2026-04-16 13:56:34.079180,2026-04-16 13:56:34.600455,0 days 00:00:00.521275,0.7718924973560773,3.526462902847245,depthwise,0.05232470108512833,1,1.2885097867266933,1750,0.004788318603741889,0.22349719324306705,0.7008487265992813,hist,COMPLETE
180,0.7901495557916072,2026-04-16 13:56:34.600606,2026-04-16 13:56:35.129532,0 days 00:00:00.528926,0.8071350167938565,3.620436185815965,depthwise,0.047980901550192016,1,1.2573731985667114,1775,0.0029493999379431013,0.2479413577465029,0.711332518656762,hist,COMPLETE
181,0.7788470193260193,2026-04-16 13:56:35.129676,2026-04-16 13:56:35.623959,0 days 00:00:00.494283,0.7874569590442068,3.665178949253299,depthwise,0.05762739950858717,1,1.1746850991114695,1650,0.00432687437340008,0.42986210071112807,0.700023766853617,hist,COMPLETE
182,0.7979253380216076,2026-04-16 13:56:35.624104,2026-04-16 13:56:36.134681,0 days 00:00:00.510577,0.7925795800511216,3.4853620018218194,depthwise,0.05265420617924773,1,1.2130268800039725,1700,0.003716291386256289,0.1487605917598347,0.7077787648387427,hist,COMPLETE
183,0.7954038218923868,2026-04-16 13:56:36.134831,2026-04-16 13:56:36.643193,0 days 00:00:00.508362,0.7920894608763833,3.5228523690538243,depthwise,0.05204596840615,1,1.2217191418348716,1700,0.005820468016741665,0.18705522378544842,0.7077777925571233,hist,COMPLETE
184,0.7947927144419956,2026-04-16 13:56:36.643335,2026-04-16 13:56:37.149151,0 days 00:00:00.505816,0.7912154620897697,3.505511155188081,depthwise,0.053508656485125,1,1.3359838616286612,1700,0.005927564743275658,0.18421912609821134,0.7148911592714416,hist,COMPLETE
185,0.7900412531607202,2026-04-16 13:56:37.149298,2026-04-16 13:56:37.664452,0 days 00:00:00.515154,0.7908358731874492,3.4670586246731823,depthwise,0.05264074605384859,1,1.3287801143048,1725,0.006803441013412073,0.30976645595866636,0.7146707691699339,hist,COMPLETE
186,0.7916988268016235,2026-04-16 13:56:37.664594,2026-04-16 13:56:38.185844,0 days 00:00:00.521250,0.7936544013958131,3.5434228704145307,depthwise,0.05383184963217425,1,1.223629822116251,1750,0.00564391409920644,0.15908715123196673,0.7105763558189028,hist,COMPLETE
187,0.7971833983685281,2026-04-16 13:56:38.185987,2026-04-16 13:56:38.692730,0 days 00:00:00.506743,0.7975968641863964,3.4429459638260025,depthwise,0.050561850428197545,1,1.3459311392843922,1700,0.007996971222269209,0.12439707535214048,0.7151838871462899,hist,COMPLETE
188,0.8006059275360574,2026-04-16 13:56:38.692881,2026-04-16 13:56:39.200344,0 days 00:00:00.507463,0.7970545764854113,3.4156272333183195,depthwise,0.04956404982739806,1,1.3504897509866758,1700,0.008111152207864762,0.11710160212392716,0.7159123136812301,hist,COMPLETE
189,0.7963548368485599,2026-04-16 13:56:39.200487,2026-04-16 13:56:39.713356,0 days 00:00:00.512869,0.7831381877180383,3.4220125912781842,depthwise,0.04884050076202711,1,1.3564699003394316,1725,0.00759807357300078,0.11800483822102323,0.7177030369438931,hist,COMPLETE
190,0.7886184135065795,2026-04-16 13:56:39.713505,2026-04-16 13:56:40.222488,0 days 00:00:00.508983,0.7923564047499685,3.190886643181349,depthwise,0.047688736781302414,1,1.3647132061681935,1700,0.008765900069121577,0.10575003890682495,0.7165038091089907,hist,COMPLETE
191,0.7968658461539451,2026-04-16 13:56:40.222636,2026-04-16 13:56:40.739857,0 days 00:00:00.517221,0.7793449005207792,3.2733686933889268,depthwise,0.05120846023378492,1,1.4194557108633452,1750,0.007133577481373049,0.11965819349325457,0.7096347243423454,hist,COMPLETE
192,0.7969603469346048,2026-04-16 13:56:40.740010,2026-04-16 13:56:41.227251,0 days 00:00:00.487241,0.7805667388368208,3.2693409662376673,depthwise,0.05054260315619282,1,1.4297572025509648,1625,0.00788420060274099,0.12004440796758457,0.7107577550962095,hist,COMPLETE
193,0.7917826666660271,2026-04-16 13:56:41.227402,2026-04-16 13:56:41.711833,0 days 00:00:00.484431,0.7740680011408893,3.239419927383968,depthwise,0.05037417491582288,1,1.4258556936881803,1625,0.0074444354452139535,0.11423798697649734,0.7109504182673679,hist,COMPLETE
194,0.7839068601057256,2026-04-16 13:56:41.711981,2026-04-16 13:56:41.891908,0 days 00:00:00.179927,0.7794652203526184,3.31720819483637,depthwise,0.050484012385010234,1,1.4372092952100857,525,0.007348523500835941,0.11749946835256399,0.7095430415034985,hist,COMPLETE
195,0.7817760293497736,2026-04-16 13:56:41.892046,2026-04-16 13:56:42.358195,0 days 00:00:00.466149,0.7825368889338717,3.1345075399007065,depthwise,0.043650631345008635,1,1.3307929800500202,1550,0.00823193306566584,0.12593533294333642,0.7184184173024798,hist,COMPLETE
196,0.770098711123525,2026-04-16 13:56:42.358336,2026-04-16 13:56:42.909974,0 days 00:00:00.551638,0.77923619405818,3.4249789680416933,depthwise,0.047860500863549774,4,1.2845069171452204,1750,0.009535109438687342,0.1327256669867342,0.7032051009070212,hist,COMPLETE
197,0.7913668100434752,2026-04-16 13:56:42.910122,2026-04-16 13:56:43.351183,0 days 00:00:00.441061,0.795657828131102,3.2385633047524554,depthwise,0.055906548398321765,1,1.4112470894490263,1475,0.006328980175586421,0.10416336159763262,0.7080234389231623,hist,COMPLETE
198,0.7961646133850453,2026-04-16 13:56:43.351320,2026-04-16 13:56:43.844176,0 days 00:00:00.492856,0.7886606015880634,3.2883280028607715,depthwise,0.0501699933906158,1,1.348844353823604,1650,0.005096620859928384,0.1430820300930216,0.7117072778168485,hist,COMPLETE
199,0.7952643324415712,2026-04-16 13:56:43.844320,2026-04-16 13:56:44.322099,0 days 00:00:00.477779,0.7846689857557091,3.292475424346118,depthwise,0.045797272317108756,1,1.441871724771854,1600,0.007446170693292971,0.08868518659669446,0.7125585607056356,hist,COMPLETE
