number,value,datetime_start,datetime_complete,duration,params_colsample_bytree,params_gamma,params_grow_policy,params_learning_rate,params_max_depth,params_min_child_weight,params_n_estimators,params_reg_alpha,params_reg_lambda,params_subsample,params_tree_method,state
80,0.7709959298587976,2026-04-16 13:55:42.672880,2026-04-16 13:55:42.834137,0 days 00:00:00.161257,0.8569945941008684,3.822591164886596,depthwise,0.028496442855476325,1,1.3948732791620655,450,0.00669194519848826,0.023450691445357927,0.7129795221464563,hist,COMPLETE
81,0.7924001268438188,2026-04-16 13:55:42.834262,2026-04-16 13:55:43.420781,0 days 00:00:00.586519,0.8489643473923295,3.7174964750240456,depthwise,0.04197871104694791,1,1.284160010471313,1950,0.004809702156045761,0.045103051293969,0.7229825021069959,hist,COMPLETE
82,0.783301418377899,2026-04-16 13:55:43.420924,2026-04-16 13:55:43.987083,0 days 00:00:00.566159,0.8378886699860164,3.71346579581757,depthwise,0.04090493318025129,1,1.3437468630667349,1875,0.002158014247085109,0.01299410164042694,0.7236160231074289,hist,COMPLETE
83,0.78816830671766,2026-04-16 13:55:43.987226,2026-04-16 13:55:44.584472,0 days 00:00:00.597246,0.8488412133112554,3.565663968169146,depthwise,0.033930774192367126,1,1.5695980331080865,2000,0.0035367223949343118,0.04693685809392633,0.7083576371829304,hist,COMPLETE
84,0.773591114907889,2026-04-16 13:55:44.584624,2026-04-16 13:55:45.177494,0 days 00:00:00.592870,0.8470984810132582,3.9076228235803914,depthwise,0.03228481438086714,2,1.1406041353947898,1850,0.0035611764857375796,0.04543058114253912,0.7060269839948013,hist,COMPLETE
85,0.7633551067738791,2026-04-16 13:55:45.177640,2026-04-16 13:55:45.783232,0 days 00:00:00.605592,0.8232506999396397,3.530003465497409,depthwise,0.025722861397894915,2,1.6039889315424665,1950,0.004576914569389396,0.04592131823347335,0.7196781745117863,hist,COMPLETE
86,0.7837629033080333,2026-04-16 13:55:45.783376,2026-04-16 13:55:46.263190,0 days 00:00:00.479814,0.8682214888829883,3.696419381024987,depthwise,0.03327354780556684,1,1.7007261707951824,1575,0.0015341929390175993,0.021150298340011142,0.7084256290134543,hist,COMPLETE
87,0.7841569494325851,2026-04-16 13:55:46.263348,2026-04-16 13:55:46.810583,0 days 00:00:00.547235,0.8486142502723869,3.9593997021689353,depthwise,0.0416584589325884,1,1.310246101194687,1775,0.0067252699997677155,0.07316547059463485,0.7150873431901856,hist,COMPLETE
88,0.7494495407263242,2026-04-16 13:55:46.810725,2026-04-16 13:55:47.418933,0 days 00:00:00.608208,0.8567423895630263,4.161157463073129,depthwise,0.022102231932176877,5,1.1864587669019142,1825,0.003350434542508642,0.01775535865707703,0.7260274811684492,hist,COMPLETE
89,0.7728388507884485,2026-04-16 13:55:47.419097,2026-04-16 13:55:48.021692,0 days 00:00:00.602595,0.8384474388487917,4.3737992301235336,depthwise,0.036838857867505195,2,1.7134925854167051,1950,0.004196192792563314,0.048279757239971355,0.7192063093391626,hist,COMPLETE
90,0.7874020817940878,2026-04-16 13:55:48.021848,2026-04-16 13:55:48.561273,0 days 00:00:00.539425,0.8280051721746313,3.804683744372489,depthwise,0.029436853445025106,1,1.0977812817746255,1750,0.0020579560328816845,0.02629937949527498,0.7525353658253675,hist,COMPLETE
91,0.7853214495571261,2026-04-16 13:55:48.561428,2026-04-16 13:55:49.081132,0 days 00:00:00.519704,0.8282191893406906,3.7897375594046023,depthwise,0.028386104862826556,1,1.323195910724908,1700,0.0021178219919230396,0.02630159812380132,0.7551218893193578,hist,COMPLETE
92,0.7815112792864929,2026-04-16 13:55:49.081279,2026-04-16 13:55:49.581027,0 days 00:00:00.499748,0.8188478439533011,3.803194060030043,depthwise,0.029468177514903264,1,1.0928946235604708,1650,0.002172292864747174,0.025441249409534666,0.7542040881315684,hist,COMPLETE
93,0.7861231206205642,2026-04-16 13:55:49.581175,2026-04-16 13:55:50.117378,0 days 00:00:00.536203,0.8271993104245627,3.5584326657041285,depthwise,0.02722393524178907,1,1.561173117657924,1750,0.0013537787482349522,0.030541188733018365,0.7010914171579076,hist,COMPLETE
94,0.7917618870109198,2026-04-16 13:55:50.117532,2026-04-16 13:55:50.642482,0 days 00:00:00.524950,0.8092130679468379,3.562503941458535,depthwise,0.026335053766839096,1,1.562416203837547,1750,0.001224616659019367,0.03409146291010559,0.7002801949073458,hist,COMPLETE
95,0.762177393988561,2026-04-16 13:55:50.642634,2026-04-16 13:55:51.109087,0 days 00:00:00.466453,0.8101093333189854,3.551212809382287,depthwise,0.023674204269306838,2,1.377748933131917,1425,0.0011364248775109743,0.032716470495384814,0.7056856805699625,hist,COMPLETE
96,0.7787804885269789,2026-04-16 13:55:51.109235,2026-04-16 13:55:51.591970,0 days 00:00:00.482735,0.816379919316172,3.692089118335832,depthwise,0.02652440910773229,1,1.921948982484918,1600,0.0014304925037092872,0.05750000147027053,0.7027362880158409,hist,COMPLETE
97,0.7791403979731297,2026-04-16 13:55:51.592116,2026-04-16 13:55:52.110789,0 days 00:00:00.518673,0.7870905042978283,3.9514889041209584,depthwise,0.02473110225047748,1,1.5814184944206588,1750,0.001723685668893604,0.031988948106459185,0.7110144334253066,hist,COMPLETE
98,0.7603288801836089,2026-04-16 13:55:52.110942,2026-04-16 13:55:52.688954,0 days 00:00:00.578012,0.8251817196698,3.5771754877664317,depthwise,0.03113156898924947,3,1.5785652696687542,1800,0.008094175579206166,0.019597527096530135,0.7003299829677856,hist,COMPLETE
99,0.7676559120173182,2026-04-16 13:55:52.689109,2026-04-16 13:55:53.297449,0 days 00:00:00.608340,0.8337926932699736,3.4769015933352825,depthwise,0.02726097701978429,2,1.2299046269053333,1875,0.011556631021824436,0.07290631862046625,0.7187036934873064,hist,COMPLETE
100,0.7727636432669402,2026-04-16 13:55:53.297604,2026-04-16 13:55:53.848472,0 days 00:00:00.550868,0.8515052014962539,3.669196509818025,depthwise,0.021103737325124928,2,1.173124180541482,1650,0.0013531742014814272,0.09012950795134933,0.7150805068334415,hist,COMPLETE
101,0.775126680343594,2026-04-16 13:55:53.848608,2026-04-16 13:55:54.386514,0 days 00:00:00.537906,0.8372124810350164,3.882916834894654,depthwise,0.033627917404177365,1,1.0704033606523944,1750,0.001874482755733002,0.01509790645421886,0.7425406772589221,hist,COMPLETE
102,0.7905474627896549,2026-04-16 13:55:54.386672,2026-04-16 13:55:54.945687,0 days 00:00:00.559015,0.8117656288229437,4.0152705177795145,depthwise,0.043841310551548,1,1.5418106465370036,1900,0.006069963801167947,0.04235342287225696,0.7094135451565741,hist,COMPLETE
103,0.7876103233630254,2026-04-16 13:55:54.945845,2026-04-16 13:55:55.509796,0 days 00:00:00.563951,0.8108385760023212,4.012841537866889,depthwise,0.04423610825544065,1,1.5739224459843022,1900,0.005740405355846115,0.04004153458471342,0.7115312490625739,hist,COMPLETE
104,0.7887898829573986,2026-04-16 13:55:55.509946,2026-04-16 13:55:56.072479,0 days 00:00:00.562533,0.8036807023063449,4.005038511116545,depthwise,0.04254487903495567,1,1.7572017097097183,1900,0.005871906401552111,0.041934956813282215,0.7097638881202888,hist,COMPLETE
105,0.7817093554962014,2026-04-16 13:55:56.072633,2026-04-16 13:55:56.624447,0 days 00:00:00.551814,0.8063842902623197,4.018408719144919,depthwise,0.04975339071874926,1,1.7365904041614872,1900,0.005748370928396742,0.042402488169644634,0.7093141125932246,hist,COMPLETE
106,0.7949299503592707,2026-04-16 13:55:56.624595,2026-04-16 13:55:57.163772,0 days 00:00:00.539177,0.8029994429770569,4.188641662113144,depthwise,0.04395317681072046,1,1.3808974227921929,1825,0.004506855236425072,0.05339981077142288,0.7049003490459723,hist,COMPLETE
107,0.7797107734753939,2026-04-16 13:55:57.163920,2026-04-16 13:55:57.691176,0 days 00:00:00.527256,0.7986804516034781,4.39137129822472,depthwise,0.04355653539150667,1,1.95941389234978,1800,0.007802518107528404,0.1365243045490449,0.704855182171714,hist,COMPLETE
108,0.7572850156610589,2026-04-16 13:55:57.691325,2026-04-16 13:55:58.232061,0 days 00:00:00.540736,0.7876025834824566,4.16150926553971,depthwise,0.05831305087085342,1,2.1795010879686227,1850,0.004783035979377112,0.055036208379370184,0.7130301933721894,hist,COMPLETE
109,0.7703361320005765,2026-04-16 13:55:58.232218,2026-04-16 13:55:58.809969,0 days 00:00:00.577751,0.8123270078171169,4.331882828872933,depthwise,0.04164929906094946,2,1.5391455333597828,1900,0.0063356907564802055,0.06338289180838022,0.7269202876229259,hist,COMPLETE
110,0.7900757543208231,2026-04-16 13:55:58.810114,2026-04-16 13:55:59.354941,0 days 00:00:00.544827,0.7792366629051934,4.169719823140784,depthwise,0.047715253649901056,1,1.3824639174751145,1825,0.011504184765257256,0.03924801184219147,0.7217325034628709,hist,COMPLETE
111,0.7917058950738154,2026-04-16 13:55:59.355092,2026-04-16 13:55:59.897990,0 days 00:00:00.542898,0.8038746355191244,4.166369138634914,depthwise,0.06172891756022035,1,1.403303878015383,1825,0.014426941331393389,0.037394382065689936,0.7208902636962532,hist,COMPLETE
112,0.7810095638688942,2026-04-16 13:55:59.898142,2026-04-16 13:56:00.440556,0 days 00:00:00.542414,0.7752674837829476,4.2246934384238415,depthwise,0.06241078065836105,1,1.394764093188249,1825,0.013341249394740873,0.04975323534466908,0.7197578276746618,hist,COMPLETE
113,0.7888768887892258,2026-04-16 13:56:00.440712,2026-04-16 13:56:00.954495,0 days 00:00:00.513783,0.7929563457711954,4.1563787501362395,depthwise,0.04694981917866507,1,1.2824590328674779,1700,0.011516531268853781,0.03674251589130233,0.7217482306082244,hist,COMPLETE
114,0.7838305765800685,2026-04-16 13:56:00.954635,2026-04-16 13:56:01.456822,0 days 00:00:00.502187,0.7907949890419785,4.2444241968782705,depthwise,0.039868523315541006,1,1.3845585810428456,1675,0.016517160723815923,0.08977548758657018,0.7169187536345962,hist,COMPLETE
115,0.7667981254239218,2026-04-16 13:56:01.456965,2026-04-16 13:56:01.996043,0 days 00:00:00.539078,0.782478892570847,3.9529000517092148,depthwise,0.06963261563934701,1,1.7669159501475526,1850,0.011153304133335644,0.03558539942897199,0.7214554475313932,hist,COMPLETE
116,0.7636409547879113,2026-04-16 13:56:01.996187,2026-04-16 13:56:02.551649,0 days 00:00:00.555462,0.8009757897555929,4.08472562391054,depthwise,0.05996839719718197,2,1.3135408536883655,1800,0.023706461912466805,0.06354867061015249,0.7075470437118869,hist,COMPLETE
117,0.7711235456829717,2026-04-16 13:56:02.551803,2026-04-16 13:56:03.065870,0 days 00:00:00.514067,0.7938184344683238,4.4527682997097555,depthwise,0.05615532042383587,1,1.2153843837830904,1700,0.011218762935140065,0.0423838365565444,0.7300770561932491,hist,COMPLETE
118,0.7787311986532301,2026-04-16 13:56:03.066017,2026-04-16 13:56:03.535491,0 days 00:00:00.469474,0.802580206291793,4.30041239302368,depthwise,0.0763905898710538,1,1.5277457331470894,1575,0.01440866676956805,0.21278377763581705,0.7045893698835345,hist,COMPLETE
119,0.7618193152053203,2026-04-16 13:56:03.535647,2026-04-16 13:56:04.133231,0 days 00:00:00.597584,0.7700827785053487,4.198165340991726,depthwise,0.04293147985279572,2,1.666694582640604,1975,0.008791188128683724,0.11398599442809829,0.7232927511806485,hist,COMPLETE
120,0.7785270603879779,2026-04-16 13:56:04.133384,2026-04-16 13:56:04.488125,0 days 00:00:00.354741,0.7825837355645421,4.11611103522383,depthwise,0.04708157469936637,1,1.414056560082214,1150,0.007277594681136889,0.03580335772940486,0.7160856661453006,hist,COMPLETE
121,0.7926529031471423,2026-04-16 13:56:04.488264,2026-04-16 13:56:05.044865,0 days 00:00:00.556601,0.8055317187122347,3.8601630261916564,depthwise,0.045809146398883664,1,1.264886907240811,1875,0.003996010981872912,0.050996756877251755,0.7083061295264192,hist,COMPLETE
122,0.7968466553697897,2026-04-16 13:56:05.045007,2026-04-16 13:56:05.596498,0 days 00:00:00.551491,0.7957227783047551,3.8606571276764683,depthwise,0.050003483838556025,1,1.2918853713605019,1850,0.021046556157771196,0.05292494282835547,0.7087396371242087,hist,COMPLETE
123,0.7895976076013123,2026-04-16 13:56:05.596647,2026-04-16 13:56:06.138789,0 days 00:00:00.542142,0.7953646671546797,3.8853868017906588,depthwise,0.05006438306753191,1,1.2273502114568415,1825,0.004395060295489065,0.05177547971814892,0.708494652051652,hist,COMPLETE
124,0.7960249402281446,2026-04-16 13:56:06.138932,2026-04-16 13:56:06.655108,0 days 00:00:00.516176,0.7959865565219553,4.026977771198502,depthwise,0.05010493512817343,1,1.154608330888784,1725,0.004050088087050001,0.05432004160486,0.702380274104111,hist,COMPLETE
125,0.7911658783106799,2026-04-16 13:56:06.655249,2026-04-16 13:56:07.172670,0 days 00:00:00.517421,0.7948899807881284,3.8693253723156094,depthwise,0.05035671140789895,1,1.2264377484879259,1725,0.021025537787002262,0.07753596738310768,0.7025976770712563,hist,COMPLETE
126,0.769078533536176,2026-04-16 13:56:07.172812,2026-04-16 13:56:07.711882,0 days 00:00:00.539070,0.7956517183966343,3.8687102027753646,depthwise,0.049547906777260994,1,1.1639895759723593,1775,0.024222443750316906,0.08243117458330429,0.8981682521055291,hist,COMPLETE
127,0.7869293940984219,2026-04-16 13:56:07.712027,2026-04-16 13:56:08.217330,0 days 00:00:00.505303,0.8062153133784566,3.9254755590861397,depthwise,0.055017906351194884,2,1.1285665506010123,1625,0.004210403699853837,0.06543132892681236,0.7000641847664842,hist,COMPLETE
128,0.7874124791417972,2026-04-16 13:56:08.217478,2026-04-16 13:56:08.761661,0 days 00:00:00.544183,0.8204001330528055,4.051819749366519,depthwise,0.051806658585559086,1,1.2056743331308677,1825,0.017771493768402605,0.053864176343748287,0.7040161479334696,hist,COMPLETE
129,0.7967121428382394,2026-04-16 13:56:08.761823,2026-04-16 13:56:09.276498,0 days 00:00:00.514675,0.7786467485872174,3.8650788448708937,depthwise,0.063423149461578,1,1.2629355013683878,1725,0.019810910210933272,0.09979757134144408,0.706155543162054,hist,COMPLETE
130,0.7907076987636807,2026-04-16 13:56:09.276648,2026-04-16 13:56:09.757909,0 days 00:00:00.481261,0.7770997175757546,3.8615370237101603,depthwise,0.06799816384581275,2,1.0051818276928979,1525,0.037291456079157105,0.10831853485305444,0.7027921116656906,hist,COMPLETE
131,0.7824594464466391,2026-04-16 13:56:09.758051,2026-04-16 13:56:10.283180,0 days 00:00:00.525129,0.7770290148010155,3.8386384422454745,depthwise,0.06723665761135834,1,1.0050442987424177,1725,0.04866548030530825,0.19627369412248877,0.7036685552547645,hist,COMPLETE
132,0.7881992207660353,2026-04-16 13:56:10.283338,2026-04-16 13:56:10.740455,0 days 00:00:00.457117,0.7631226430391952,3.7606828548282767,depthwise,0.07212319504753774,1,1.1294202555298494,1525,0.03781262948048009,0.10492054073921608,0.7157745511465706,hist,COMPLETE
133,0.7845683476882639,2026-04-16 13:56:10.740593,2026-04-16 13:56:11.269569,0 days 00:00:00.528976,0.7692953363811771,3.917983872653848,depthwise,0.060965679749756085,1,1.3357604974715733,1775,0.021489057004641758,0.12258327122052955,0.7005603179264293,hist,COMPLETE
134,0.7840717003800683,2026-04-16 13:56:11.269715,2026-04-16 13:56:11.770449,0 days 00:00:00.500734,0.7763931471798118,3.973248229446695,depthwise,0.08300522031305332,1,1.271429485432364,1675,0.02513827687229319,0.07625231841243524,0.7060850182039505,hist,COMPLETE
135,0.7899696358882836,2026-04-16 13:56:11.770586,2026-04-16 13:56:12.319308,0 days 00:00:00.548722,0.7813082135421363,3.845099563580608,depthwise,0.05524274152608053,1,1.4063950653221657,1850,0.028197124791670882,0.0612906373474534,0.7120719470866823,hist,COMPLETE
136,0.7832011144855568,2026-04-16 13:56:12.319456,2026-04-16 13:56:12.836773,0 days 00:00:00.517317,0.7896115926700097,4.054943203968601,depthwise,0.045404439359995184,2,1.0868957045200904,1625,0.039670320522224044,0.15078921965450492,0.7072244866988713,hist,COMPLETE
137,0.7872215626237786,2026-04-16 13:56:12.836919,2026-04-16 13:56:13.147971,0 days 00:00:00.311052,0.7992341608896585,3.6470329126848027,depthwise,0.06448356022850124,1,1.2771363536573546,1000,0.015410940214866472,0.10317779783252672,0.703188049290447,hist,COMPLETE
138,0.7808209339465162,2026-04-16 13:56:13.148096,2026-04-16 13:56:13.675743,0 days 00:00:00.527647,0.7713243203276221,3.7624784729458187,depthwise,0.06050424832773327,2,1.4654999718807544,1725,0.021303057585626242,0.08658253595007377,0.7000805527925058,hist,COMPLETE
139,0.7869689148338784,2026-04-16 13:56:13.675890,2026-04-16 13:56:14.209336,0 days 00:00:00.533446,0.8155206966201689,3.973693818666414,depthwise,0.07552719349489168,1,1.0026875141653664,1775,0.019710677833520308,0.021953729103047184,0.714691201486859,hist,COMPLETE
140,0.7604015838829314,2026-04-16 13:56:14.209496,2026-04-16 13:56:14.666966,0 days 00:00:00.457470,0.8070121046463538,3.8356250452271663,depthwise,0.05346765992433003,5,1.1873150110294288,1425,0.0139229229585056,0.06795944794229963,0.7112917050170973,hist,COMPLETE
141,0.7891930849726532,2026-04-16 13:56:14.667122,2026-04-16 13:56:15.218749,0 days 00:00:00.551627,0.7819160556333526,3.847315455784519,depthwise,0.05561616288857806,1,1.4400451083770136,1850,0.06028595695180047,0.05185009900182765,0.7097150206698845,hist,COMPLETE
142,0.7824340430865784,2026-04-16 13:56:15.218905,2026-04-16 13:56:15.799512,0 days 00:00:00.580607,0.7853532188733066,3.9214262765970216,depthwise,0.058148467446066665,1,1.3621900490325594,1950,0.030269977501841423,0.060016776374642096,0.7167336764629656,hist,COMPLETE
143,0.7665078849083962,2026-04-16 13:56:15.799668,2026-04-16 13:56:16.330322,0 days 00:00:00.530654,0.7807259559203862,3.7364832946685786,depthwise,0.049309792395330586,1,2.928632004584705,1875,0.027026491860532166,0.031899769965532086,0.7057436489709552,hist,COMPLETE
144,0.783417303482002,2026-04-16 13:56:16.330481,2026-04-16 13:56:16.877949,0 days 00:00:00.547468,0.7973447859667976,4.0283957076514625,depthwise,0.06822488298561538,1,1.3749783814904308,1825,0.06015809461880983,0.04607403199849928,0.7128524886694622,hist,COMPLETE
145,0.779178909661621,2026-04-16 13:56:16.878100,2026-04-16 13:56:17.417001,0 days 00:00:00.538901,0.8013173594010098,3.8188459703998596,depthwise,0.04545456146688073,1,1.101641633584574,1775,0.03781177149314492,0.07757825286380876,0.7280911835929373,hist,COMPLETE
146,0.7913173549515391,2026-04-16 13:56:17.417151,2026-04-16 13:56:17.928855,0 days 00:00:00.511704,0.790861652859598,3.8910542894240447,depthwise,0.05259457113861429,1,1.5054337122826658,1725,0.018777127285054953,0.06201968053860117,0.7193704759117121,hist,COMPLETE
147,0.764096779036813,2026-04-16 13:56:17.928996,2026-04-16 13:56:18.453215,0 days 00:00:00.524219,0.7901484332085839,4.102682336115861,depthwise,0.04012297830680259,2,1.2435563430789005,1675,0.01814934391068097,0.03931009893777635,0.7242913293054103,hist,COMPLETE
148,0.7909325839426856,2026-04-16 13:56:18.453368,2026-04-16 13:56:18.964613,0 days 00:00:00.511245,0.8102277406500917,3.9733218634252543,depthwise,0.05064831345169918,1,1.5037053438582768,1725,0.005034205534975838,0.09250274473218638,0.7197967583975773,hist,COMPLETE
149,0.7825842788343714,2026-04-16 13:56:18.964754,2026-04-16 13:56:19.424138,0 days 00:00:00.459384,0.810895581814542,3.9073537543556407,depthwise,0.05324139479102562,1,1.5321156494932295,1550,0.0038164000594585685,0.09638391430163316,0.707345509832194,hist,COMPLETE
150,0.7569788351293604,2026-04-16 13:56:19.424289,2026-04-16 13:56:19.914185,0 days 00:00:00.489896,0.8211134480646124,3.9677299684491634,depthwise,0.0631684746745348,2,1.5023694542628931,1600,0.002426058873241147,0.20059240464177558,0.7179819584442766,hist,COMPLETE
151,0.7952380425615796,2026-04-16 13:56:19.914333,2026-04-16 13:56:20.427680,0 days 00:00:00.513347,0.8032913489621912,3.7812093289884783,depthwise,0.046916221237685636,1,1.3084072687221175,1725,0.0048797620982860895,0.06714886386212872,0.721197128408601,hist,COMPLETE
152,0.7968171105918364,2026-04-16 13:56:20.427824,2026-04-16 13:56:20.949296,0 days 00:00:00.521472,0.8040285908466189,3.6903741664824152,depthwise,0.0512008243694545,1,1.2905240512785559,1750,0.005137667823351321,0.13232110753057744,0.7035567020036567,hist,COMPLETE
153,0.7846872181731807,2026-04-16 13:56:20.949453,2026-04-16 13:56:21.456629,0 days 00:00:00.507176,0.8054542217411592,3.660263989020297,depthwise,0.04492607367963518,1,1.6434222964985326,1725,0.0031109832432646384,0.12653835025695837,0.7098747260677779,hist,COMPLETE
154,0.7949208988927576,2026-04-16 13:56:21.456775,2026-04-16 13:56:21.956946,0 days 00:00:00.500171,0.8088056548554786,3.77414072637891,depthwise,0.05101518110777972,1,1.3056485539904306,1675,0.004939734964602384,0.1547049714335247,0.7044136683783155,hist,COMPLETE
155,0.788900590675788,2026-04-16 13:56:21.957087,2026-04-16 13:56:22.448532,0 days 00:00:00.491445,0.8035452888131619,3.7200449964037254,depthwise,0.05024099154953327,1,1.3113075141698791,1650,0.004904720599110912,0.1575743821429311,0.7000609382363684,hist,COMPLETE
156,0.796411148741,2026-04-16 13:56:22.448680,2026-04-16 13:56:22.966914,0 days 00:00:00.518234,0.7973972858992636,3.792020989598986,depthwise,0.059301687261414854,1,1.1504415390142735,1725,0.0036586549959844714,0.174950096372448,0.7046257725457992,hist,COMPLETE
157,0.7935135029926685,2026-04-16 13:56:22.967063,2026-04-16 13:56:23.474313,0 days 00:00:00.507250,0.7984602329220479,3.493260057509695,depthwise,0.05841442925229361,1,1.1850525854304876,1700,0.0037059243861296397,0.14743188691335285,0.7144012345796098,hist,COMPLETE
158,0.7956056094221085,2026-04-16 13:56:23.474458,2026-04-16 13:56:23.977600,0 days 00:00:00.503142,0.7924866647055184,3.497756581255632,depthwise,0.05852455127012163,1,1.161539270330423,1675,0.0038593443393261434,0.17688043270108444,0.7053798989587015,hist,COMPLETE
159,0.7898864275787829,2026-04-16 13:56:23.977744,2026-04-16 13:56:24.479158,0 days 00:00:00.501414,0.7997466993138208,3.489373809548391,depthwise,0.059013144453478945,1,1.1471813408928935,1675,0.0037331419966299155,0.24608401648257655,0.7127301767253766,hist,COMPLETE
160,0.789398280862032,2026-04-16 13:56:24.479302,2026-04-16 13:56:24.966300,0 days 00:00:00.486998,0.791707313044149,3.613940917177645,depthwise,0.058256324610718745,1,1.306512292653242,1625,0.0032830281256065806,0.23216609664641655,0.7154835032737202,hist,COMPLETE
